DEBUG:root:no filtering: False
DEBUG:root:no tuning: False
DEBUG:root:0.7668231611893583
DEBUG:root:0.8161545722452619
DEBUG:root:0.7668231611893583
DEBUG:root:0.7660594463962018
DEBUG:root:[[85  3 49  2  6 13  1]
 [ 1 93  4  1  2  2  9]
 [ 0  0 91  0  1  0  0]
 [ 0  2  4 52  2 12  0]
 [ 0  3  4  0 59  0  3]
 [ 2  1  2  6  0 53  4]
 [ 0  1  7  0  1  1 57]]
DEBUG:root:k pseudolabel
DEBUG:root:0.7918622848200313
DEBUG:root:0.8285308279761299
DEBUG:root:0.7918622848200313
DEBUG:root:0.788024726536115
DEBUG:root:[[87  3 38  8  7 14  2]
 [ 0 95  2  2  2  3  8]
 [ 0  0 90  0  1  0  1]
 [ 0  1  1 58  2  9  1]
 [ 0  2  4  0 59  1  3]
 [ 0  3  1  5  1 56  2]
 [ 1  0  2  1  1  1 61]]
DEBUG:root:threshold:0.28
DEBUG:root:0.6914749661705006
DEBUG:root:0.7669227975142202
DEBUG:root:0.6914749661705006
DEBUG:root:0.6877162643562373
DEBUG:root:[[53  1 53 39  2  2  8  1]
 [ 0 94  8  4  0  1  2  3]
 [ 3  5 62 19  5  2  2  2]
 [ 0  0  2 89  0  1  0  0]
 [ 0  1 13  2 48  1  7  0]
 [ 0  1  7  2  0 57  0  2]
 [ 1  1  6  0  5  0 54  1]
 [ 0  0 12  0  0  1  0 54]]
DEBUG:root:kplus pseudolabel
DEBUG:root:0.699594046008119
DEBUG:root:0.7824629166278095
DEBUG:root:0.699594046008119
DEBUG:root:0.7050787108903434
DEBUG:root:[[60  1 64 25  4  1  4  0]
 [ 0 94 11  1  0  1  2  3]
 [ 5  4 69 11  5  4  1  1]
 [ 0  0  3 88  0  1  0  0]
 [ 0  1 17  0 48  1  5  0]
 [ 0  1  9  0  0 57  0  2]
 [ 0  1 14  0  5  0 47  1]
 [ 0  0 12  0  0  1  0 54]]
DEBUG:root:[('support', {'coverage', 'service', 'contact', 'told', 'sent', 'replace', 'warrenty', 'called', 'contacted', 'support'}), ('display', {'color', 'display', 'picture', 'monitor', 'screen', 'led'}), ('battery', {'charge', 'battery', 'life', 'hour', 'charges', 'last', 'lasts', 'hrs'}), ('software', {'program', 'itunes', 'software', 'app', 'files', 'photos', 'photo'}), ('keyboard', {'keys', 'keyboard', 'key'}), ('os', {'lion', 'os', 'mac', 'ios', 'system', 'windows', 'detail'}), ('mouse', {'touch', 'touchpad', 'click', 'track', 'button', 'mouse', 'pad', 'trackpad', 'finger'})]
DEBUG:root:0.7746478873239436
DEBUG:root:0.8240419517358364
DEBUG:root:0.7746478873239436
DEBUG:root:0.7733021175133484
DEBUG:root:[[85  2 44  4  2 17  5]
 [ 0 95  4  2  1  2  8]
 [ 0  0 89  1  1  0  1]
 [ 0  2  4 52  1 11  2]
 [ 0  3  4  0 58  0  4]
 [ 1  3  1  6  0 55  2]
 [ 0  0  5  0  0  1 61]]
DEBUG:root:k pseudolabel
DEBUG:root:0.7918622848200313
DEBUG:root:0.8285308279761299
DEBUG:root:0.7918622848200313
DEBUG:root:0.788024726536115
DEBUG:root:[[87  3 38  8  7 14  2]
 [ 0 95  2  2  2  3  8]
 [ 0  0 90  0  1  0  1]
 [ 0  1  1 58  2  9  1]
 [ 0  2  4  0 59  1  3]
 [ 0  3  1  5  1 56  2]
 [ 1  0  2  1  1  1 61]]
DEBUG:root:threshold:0.31
DEBUG:root:0.7117726657645467
DEBUG:root:0.7604923355285734
DEBUG:root:0.7117726657645467
DEBUG:root:0.7143325641846566
DEBUG:root:[[76  1 33 40  3  0  5  1]
 [ 0 92  8  3  1  1  2  5]
 [ 8  5 57 16  9  1  2  2]
 [ 0  0  1 90  1  0  0  0]
 [ 0  1 11  3 50  1  6  0]
 [ 0  1  7  2  0 56  0  3]
 [ 1  0  7  1  5  0 52  2]
 [ 1  0 11  1  0  1  0 53]]
DEBUG:root:kplus pseudolabel
DEBUG:root:0.7077131258457375
DEBUG:root:0.7899781567261941
DEBUG:root:0.7077131258457375
DEBUG:root:0.7117486789679787
DEBUG:root:[[58  1 68 23  3  1  5  0]
 [ 0 95 10  1  0  1  2  3]
 [ 6  2 75  8  5  1  2  1]
 [ 0  0  3 88  0  1  0  0]
 [ 0  1 15  1 49  1  5  0]
 [ 0  1  9  0  0 57  0  2]
 [ 0  1 14  0  5  0 47  1]
 [ 0  0 12  0  0  1  0 54]]
DEBUG:root:iteration: 1
DEBUG:root:[('support', {'coverage', 'service', 'contact', 'told', 'sent', 'replace', 'warrenty', 'called', 'contacted', 'support'}), ('display', {'color', 'display', 'glare', 'picture', 'monitor', 'screen', 'led'}), ('battery', {'charge', 'battery', 'life', 'hour', 'charges', 'last', 'lasts', 'hrs'}), ('software', {'program', 'itunes', 'software', 'app', 'files', 'photos', 'photo'}), ('keyboard', {'keys', 'keyboard', 'key'}), ('os', {'lion', 'os', 'mac', 'ios', 'system', 'win', 'windows', 'detail'}), ('mouse', {'touch', 'touchpad', 'click', 'track', 'button', 'mousepad', 'mouse', 'pad', 'trackpad', 'finger'})]
DEBUG:root:0.7856025039123631
DEBUG:root:0.8260143396257242
DEBUG:root:0.7856025039123631
DEBUG:root:0.7857060374793738
DEBUG:root:[[92  3 42  3  4 13  2]
 [ 0 96  3  2  3  2  6]
 [ 0  0 91  0  1  0  0]
 [ 1  1  5 56  1  8  0]
 [ 0  3  5  0 59  0  2]
 [ 1  1  2  8  1 54  1]
 [ 1  1  6  1  2  2 54]]
DEBUG:root:k pseudolabel
DEBUG:root:0.7918622848200313
DEBUG:root:0.8285308279761299
DEBUG:root:0.7918622848200313
DEBUG:root:0.788024726536115
DEBUG:root:[[87  3 38  8  7 14  2]
 [ 0 95  2  2  2  3  8]
 [ 0  0 90  0  1  0  1]
 [ 0  1  1 58  2  9  1]
 [ 0  2  4  0 59  1  3]
 [ 0  3  1  5  1 56  2]
 [ 1  0  2  1  1  1 61]]
DEBUG:root:threshold:0.28
DEBUG:root:0.6887686062246279
DEBUG:root:0.7604705450366009
DEBUG:root:0.6887686062246279
DEBUG:root:0.6880801883229563
DEBUG:root:[[55  1 56 36  3  1  4  3]
 [ 0 93  9  1  1  1  2  5]
 [ 6  3 65 14  8  0  2  2]
 [ 0  0  2 88  1  1  0  0]
 [ 0  1 13  1 50  1  6  0]
 [ 0  1  8  1  0 56  0  3]
 [ 1  0 13  0  5  0 46  3]
 [ 0  0 11  0  0  0  0 56]]
DEBUG:root:kplus pseudolabel
DEBUG:root:0.6779431664411367
DEBUG:root:0.7790264038958747
DEBUG:root:0.6779431664411367
DEBUG:root:0.6840292774267921
DEBUG:root:[[48  1 83 19  4  1  3  0]
 [ 0 93 11  1  1  1  2  3]
 [ 7  2 73  7  6  3  1  1]
 [ 0  0  4 87  0  1  0  0]
 [ 0  1 16  0 50  1  4  0]
 [ 0  1 10  0  0 56  0  2]
 [ 0  1 20  0  5  0 42  0]
 [ 0  0 14  0  0  1  0 52]]
DEBUG:root:iteration: 2
DEBUG:root:[('support', {'coverage', 'service', 'contact', 'told', 'sent', 'replace', 'warrenty', 'called', 'contacted', 'support'}), ('display', {'color', 'display', 'glare', 'picture', 'monitor', 'screen', 'led'}), ('battery', {'charge', 'battery', 'life', 'hour', 'charges', 'last', 'lasts', 'hrs'}), ('software', {'program', 'itunes', 'software', 'app', 'files', 'photos', 'photo'}), ('keyboard', {'keys', 'keyboard', 'key'}), ('os', {'lion', 'os', 'mac', 'ios', 'system', 'win', 'windows', 'detail'}), ('mouse', {'touch', 'touchpad', 'click', 'track', 'button', 'mousepad', 'mouse', 'pad', 'trackpad', 'finger'})]
