DEBUG:root:no filtering: False
DEBUG:root:no tuning: False
DEBUG:root:0.7887323943661971
DEBUG:root:0.8260278082892198
DEBUG:root:0.7887323943661971
DEBUG:root:0.7889619217413388
DEBUG:root:[[93  4 43  5  1 10  3]
 [ 1 96  3  2  1  2  7]
 [ 0  0 89  1  1  0  1]
 [ 1  1  3 56  1  8  2]
 [ 0  1  4  0 59  1  4]
 [ 1  3  1  6  0 54  3]
 [ 1  0  4  0  1  4 57]]
DEBUG:root:k pseudolabel
DEBUG:root:0.7918622848200313
DEBUG:root:0.8285308279761299
DEBUG:root:0.7918622848200313
DEBUG:root:0.788024726536115
DEBUG:root:[[87  3 38  8  7 14  2]
 [ 0 95  2  2  2  3  8]
 [ 0  0 90  0  1  0  1]
 [ 0  1  1 58  2  9  1]
 [ 0  2  4  0 59  1  3]
 [ 0  3  1  5  1 56  2]
 [ 1  0  2  1  1  1 61]]
DEBUG:root:threshold:0.44
DEBUG:root:0.6941813261163735
DEBUG:root:0.7497422856656969
DEBUG:root:0.6941813261163735
DEBUG:root:0.6942126343159492
DEBUG:root:[[65  1 50 31  3  1  6  2]
 [ 0 93  8  2  1  1  2  5]
 [ 7  5 54 14  9  3  2  6]
 [ 0  0  1 89  1  1  0  0]
 [ 0  1 12  2 48  1  8  0]
 [ 0  1  8  1  0 55  0  4]
 [ 0  0  7  1  5  0 52  3]
 [ 0  0 10  0  0  0  0 57]]
DEBUG:root:kplus pseudolabel
DEBUG:root:0.7090663058186739
DEBUG:root:0.7772280183531597
DEBUG:root:0.7090663058186739
DEBUG:root:0.714525002128599
DEBUG:root:[[66  1 57 25  4  1  4  1]
 [ 0 94 10  1  1  1  2  3]
 [ 7  3 67  9  7  4  2  1]
 [ 0  0  4 87  0  1  0  0]
 [ 0  1 15  0 50  1  5  0]
 [ 0  1  8  1  0 57  0  2]
 [ 0  1 12  0  5  0 49  1]
 [ 0  0 11  1  0  1  0 54]]
DEBUG:root:[('support', {'sent', 'coverage', 'warrenty', 'called', 'support', 'told', 'apple', 'service', 'replace', 'contacted'}), ('display', {'picture', 'display', 'color', 'monitor', 'led', 'screen'}), ('battery', {'charge', 'hour', 'life', 'last', 'lasts', 'battery'}), ('software', {'photo', 'itunes', 'software', 'apps', 'files', 'program'}), ('keyboard', {'keyboard', 'key', 'keys'}), ('os', {'windows', 'mac', 'interface', 'lion', 'os', 'system', 'ios'}), ('mouse', {'button', 'touchpad', 'trackpad', 'pad', 'mouse', 'touch', 'finger', 'track'})]
DEBUG:root:0.7621283255086072
DEBUG:root:0.8056150031990198
DEBUG:root:0.7621283255086072
DEBUG:root:0.7599079083075183
DEBUG:root:[[84  3 47  4  6 13  2]
 [ 0 93  4  3  2  1  9]
 [ 0  0 89  1  1  0  1]
 [ 0  2  3 54  4  8  1]
 [ 0  2  3  0 58  2  4]
 [ 2  2  2  8  2 50  2]
 [ 1  0  5  0  1  1 59]]
DEBUG:root:k pseudolabel
DEBUG:root:0.7918622848200313
DEBUG:root:0.8285308279761299
DEBUG:root:0.7918622848200313
DEBUG:root:0.788024726536115
DEBUG:root:[[87  3 38  8  7 14  2]
 [ 0 95  2  2  2  3  8]
 [ 0  0 90  0  1  0  1]
 [ 0  1  1 58  2  9  1]
 [ 0  2  4  0 59  1  3]
 [ 0  3  1  5  1 56  2]
 [ 1  0  2  1  1  1 61]]
DEBUG:root:threshold:0.43
DEBUG:root:0.7090663058186739
DEBUG:root:0.748563730182142
DEBUG:root:0.7090663058186739
DEBUG:root:0.7109962233580587
DEBUG:root:[[77  1 40 28  3  3  6  1]
 [ 0 93  8  3  1  1  2  4]
 [10  9 52 13  9  3  2  2]
 [ 0  0  1 89  1  1  0  0]
 [ 0  1 12  2 51  1  5  0]
 [ 0  1  7  2  0 56  0  3]
 [ 1  0  9  0  5  0 50  3]
 [ 0  0 10  0  0  1  0 56]]
DEBUG:root:kplus pseudolabel
DEBUG:root:0.6941813261163735
DEBUG:root:0.7608210027238699
DEBUG:root:0.6941813261163735
DEBUG:root:0.6986006952260235
DEBUG:root:[[65  1 57 26  3  1  5  1]
 [ 0 95  9  1  1  1  2  3]
 [ 6  7 58 14  7  5  0  3]
 [ 0  0  3 88  0  1  0  0]
 [ 0  1 12  1 50  1  7  0]
 [ 0  2  8  1  0 56  0  2]
 [ 0  1 15  0  5  0 46  1]
 [ 0  0 11  0  0  1  0 55]]
DEBUG:root:iteration: 1
DEBUG:root:[('support', {'sent', 'coverage', 'warrenty', 'called', 'support', 'told', 'apple', 'service', 'replace', 'contacted'}), ('display', {'picture', 'glare', 'display', 'color', 'monitor', 'led', 'screen'}), ('battery', {'charge', 'hour', 'life', 'last', 'charges', 'lasts', 'hrs', 'battery'}), ('software', {'photo', 'app', 'six', 'itunes', 'software', 'apps', 'files', 'program'}), ('keyboard', {'keyboard', 'key', 'keys'}), ('os', {'windows', 'mac', 'interface', 'lion', 'os', 'system', 'ios'}), ('mouse', {'click', 'button', 'touchpad', 'trackpad', 'pad', 'mouse', 'touch', 'finger', 'track', 'mousepad'})]
DEBUG:root:0.7887323943661971
DEBUG:root:0.8279689294626825
DEBUG:root:0.7887323943661971
DEBUG:root:0.7902843268978197
DEBUG:root:[[97  2 36  2  4 17  1]
 [ 0 95  5  1  2  2  7]
 [ 0  0 90  1  1  0  0]
 [ 1  1  4 51  1 12  2]
 [ 0  1  5  0 59  2  2]
 [ 2  2  1  6  0 55  2]
 [ 1  1  4  0  1  3 57]]
DEBUG:root:k pseudolabel
DEBUG:root:0.7918622848200313
DEBUG:root:0.8285308279761299
DEBUG:root:0.7918622848200313
DEBUG:root:0.788024726536115
DEBUG:root:[[87  3 38  8  7 14  2]
 [ 0 95  2  2  2  3  8]
 [ 0  0 90  0  1  0  1]
 [ 0  1  1 58  2  9  1]
 [ 0  2  4  0 59  1  3]
 [ 0  3  1  5  1 56  2]
 [ 1  0  2  1  1  1 61]]
DEBUG:root:threshold:0.44
DEBUG:root:0.7212449255751014
DEBUG:root:0.7537484659381298
DEBUG:root:0.7212449255751014
DEBUG:root:0.722467788985876
DEBUG:root:[[86  1 28 32  1  3  7  1]
 [ 0 94  8  3  1  0  2  4]
 [ 9  9 51 14  8  2  3  4]
 [ 0  0  1 89  1  1  0  0]
 [ 0  1 10  2 50  1  8  0]
 [ 1  1  7  1  0 55  0  4]
 [ 0  0  7  0  5  0 53  3]
 [ 0  0 10  0  0  1  1 55]]
DEBUG:root:kplus pseudolabel
DEBUG:root:0.7023004059539919
DEBUG:root:0.768231969604968
DEBUG:root:0.7023004059539919
DEBUG:root:0.7085252761637707
DEBUG:root:[[69  1 49 29  4  1  6  0]
 [ 0 95  8  2  1  1  2  3]
 [ 8  2 65 12  6  4  2  1]
 [ 0  0  4 87  0  1  0  0]
 [ 0  1 14  1 48  1  7  0]
 [ 0  1 10  0  0 56  0  2]
 [ 0  1 15  0  5  0 46  1]
 [ 0  0 13  0  0  1  0 53]]
DEBUG:root:iteration: 2
DEBUG:root:[('support', {'sent', 'coverage', 'warrenty', 'called', 'support', 'told', 'apple', 'service', 'replace', 'contacted'}), ('display', {'picture', 'glare', 'display', 'color', 'viewing', 'monitor', 'led', 'screen'}), ('battery', {'charge', 'hour', 'life', 'last', 'charges', 'lasts', 'hrs', 'battery'}), ('software', {'photo', 'app', 'six', 'itunes', 'office', 'software', 'apps', 'photos', 'files', 'program'}), ('keyboard', {'keyboard', 'key', 'keys'}), ('os', {'windows', 'mac', 'interface', 'operating', 'lion', 'os', 'system', 'ios'}), ('mouse', {'click', 'button', 'touchpad', 'trackpad', 'pad', 'mouse', 'touch', 'finger', 'track', 'mousepad'})]
DEBUG:root:0.7965571205007824
DEBUG:root:0.8301775823961133
DEBUG:root:0.7965571205007824
DEBUG:root:0.7975659169697936
DEBUG:root:[[99  2 37  1  4 14  2]
 [ 1 94  3  2  1  2  9]
 [ 0  0 90  1  1  0  0]
 [ 1  2  3 55  2  8  1]
 [ 0  2  4  0 59  1  3]
 [ 1  1  2  6  0 56  2]
 [ 2  0  4  0  1  4 56]]
DEBUG:root:k pseudolabel
DEBUG:root:0.7918622848200313
DEBUG:root:0.8285308279761299
DEBUG:root:0.7918622848200313
DEBUG:root:0.788024726536115
DEBUG:root:[[87  3 38  8  7 14  2]
 [ 0 95  2  2  2  3  8]
 [ 0  0 90  0  1  0  1]
 [ 0  1  1 58  2  9  1]
 [ 0  2  4  0 59  1  3]
 [ 0  3  1  5  1 56  2]
 [ 1  0  2  1  1  1 61]]
DEBUG:root:threshold:0.42
DEBUG:root:0.713125845737483
DEBUG:root:0.7608770869681378
DEBUG:root:0.713125845737483
DEBUG:root:0.7152875139896662
DEBUG:root:[[72  1 45 27  4  1  6  3]
 [ 0 94  9  1  1  1  2  4]
 [ 8  8 62  9  9  1  1  2]
 [ 0  0  3 87  1  1  0  0]
 [ 0  1 14  0 48  1  8  0]
 [ 0  1  8  1  0 55  0  4]
 [ 1  1  7  0  5  0 52  2]
 [ 0  0 10  0  0  0  0 57]]
DEBUG:root:kplus pseudolabel
DEBUG:root:0.7023004059539919
DEBUG:root:0.7746124713931913
DEBUG:root:0.7023004059539919
DEBUG:root:0.7097894716567346
DEBUG:root:[[67  2 56 25  3  1  4  1]
 [ 0 94 10  1  1  1  2  3]
 [ 7  6 67  8  7  2  2  1]
 [ 0  0  4 87  0  1  0  0]
 [ 0  1 15  0 50  1  5  0]
 [ 0  1 11  0  0 55  0  2]
 [ 0  1 15  0  5  0 46  1]
 [ 0  0 13  0  0  1  0 53]]
DEBUG:root:iteration: 3
DEBUG:root:[('support', {'sent', 'coverage', 'warrenty', 'called', 'support', 'told', 'apple', 'service', 'replace', 'contacted'}), ('display', {'picture', 'glare', 'display', 'color', 'viewing', 'monitor', 'led', 'screen'}), ('battery', {'charge', 'hour', 'life', 'last', 'charges', 'lasts', 'hrs', 'battery'}), ('software', {'photo', 'app', 'six', 'itunes', 'office', 'software', 'apps', 'photos', 'files', 'program'}), ('keyboard', {'keyboard', 'key', 'keys'}), ('os', {'windows', 'mac', 'interface', 'operating', 'lion', 'os', 'system', 'ios', 'win'}), ('mouse', {'click', 'button', 'touchpad', 'trackpad', 'pad', 'mouse', 'touch', 'finger', 'track', 'mousepad'})]
DEBUG:root:0.7887323943661971
DEBUG:root:0.8246511360475959
DEBUG:root:0.7887323943661971
DEBUG:root:0.7897112519710944
DEBUG:root:[[98  3 34  3  4 16  1]
 [ 2 92  2  2  1  2 11]
 [ 0  0 89  1  1  0  1]
 [ 0  2  4 52  2 11  1]
 [ 1  1  5  0 59  1  2]
 [ 0  1  3  6  0 55  3]
 [ 1  0  4  0  1  2 59]]
DEBUG:root:k pseudolabel
DEBUG:root:0.7918622848200313
DEBUG:root:0.8285308279761299
DEBUG:root:0.7918622848200313
DEBUG:root:0.788024726536115
DEBUG:root:[[87  3 38  8  7 14  2]
 [ 0 95  2  2  2  3  8]
 [ 0  0 90  0  1  0  1]
 [ 0  1  1 58  2  9  1]
 [ 0  2  4  0 59  1  3]
 [ 0  3  1  5  1 56  2]
 [ 1  0  2  1  1  1 61]]
DEBUG:root:threshold:0.45
DEBUG:root:0.7239512855209743
DEBUG:root:0.7633118262261809
DEBUG:root:0.7239512855209743
DEBUG:root:0.7273739746317935
DEBUG:root:[[85  1 33 31  1  2  5  1]
 [ 0 93  8  4  0  1  2  4]
 [ 8  5 58 16  6  4  2  1]
 [ 0  0  1 89  1  1  0  0]
 [ 1  1 11  3 50  1  5  0]
 [ 0  1  8  1  0 57  0  2]
 [ 2  0  6  1  6  0 50  3]
 [ 1  0  8  3  1  1  0 53]]
DEBUG:root:kplus pseudolabel
DEBUG:root:0.7104194857916103
DEBUG:root:0.7735609791392858
DEBUG:root:0.7104194857916103
DEBUG:root:0.7164154808662365
DEBUG:root:[[72  1 47 29  4  1  5  0]
 [ 0 95  9  1  1  1  2  3]
 [ 7  4 64 14  5  3  2  1]
 [ 0  0  3 88  0  1  0  0]
 [ 0  1 12  1 50  1  7  0]
 [ 0  1  9  0  0 57  0  2]
 [ 0  1 16  0  5  0 45  1]
 [ 0  0 12  0  0  1  0 54]]
