DEBUG:root:no filtering: True
DEBUG:root:no tuning: False
DEBUG:root:0.7417840375586855
DEBUG:root:0.8129991990304343
DEBUG:root:0.7417840375586855
DEBUG:root:0.7331419922152994
DEBUG:root:[[63  3 65  4  8 14  2]
 [ 0 94  5  1  3  2  7]
 [ 0  0 90  1  1  0  0]
 [ 0  2  4 54  2  8  2]
 [ 0  2  4  0 59  2  2]
 [ 0  2  2  6  0 55  3]
 [ 0  1  4  0  1  2 59]]
DEBUG:root:k pseudolabel
DEBUG:root:0.7918622848200313
DEBUG:root:0.8285308279761299
DEBUG:root:0.7918622848200313
DEBUG:root:0.788024726536115
DEBUG:root:[[87  3 38  8  7 14  2]
 [ 0 95  2  2  2  3  8]
 [ 0  0 90  0  1  0  1]
 [ 0  1  1 58  2  9  1]
 [ 0  2  4  0 59  1  3]
 [ 0  3  1  5  1 56  2]
 [ 1  0  2  1  1  1 61]]
DEBUG:root:threshold:0.41
DEBUG:root:0.6630581867388363
DEBUG:root:0.7269753854145904
DEBUG:root:0.6630581867388363
DEBUG:root:0.648758918501584
DEBUG:root:[[43  1 53 41  4  2 12  3]
 [ 0 93  6  3  1  1  2  6]
 [ 4 13 53 14  6  4  2  4]
 [ 0  0  1 89  1  1  0  0]
 [ 0  1 14  2 47  1  7  0]
 [ 0  2  7  1  0 56  0  3]
 [ 0  2  4  1  6  0 53  2]
 [ 0  0 10  0  0  1  0 56]]
DEBUG:root:kplus pseudolabel
DEBUG:root:0.6752368064952639
DEBUG:root:0.7563479964385414
DEBUG:root:0.6752368064952639
DEBUG:root:0.675976283611162
DEBUG:root:[[50  1 70 26  4  1  6  1]
 [ 0 94 10  1  1  1  2  3]
 [ 6  5 62 11  6  6  2  2]
 [ 0  0  3 88  0  1  0  0]
 [ 0  1 15  1 48  1  6  0]
 [ 0  1  8  1  0 57  0  2]
 [ 0  1 15  0  5  0 46  1]
 [ 0  0 12  0  0  1  0 54]]
DEBUG:root:[('support', {'repair', 'send', 'support', 'service', 'called', 'warrenty', 'apple', 'replace', 'contact', 'coverage'}), ('display', {'led', 'screen', 'monitor', 'display', 'color', 'picture'}), ('battery', {'charge', 'battery', 'hour', 'life', 'lasts', 'charges', 'hrs', 'last'}), ('software', {'applications', 'files', 'photo', 'program', 'itunes', 'programs', 'app', 'software'}), ('keyboard', {'keys', 'keyboard', 'key', 'space'}), ('os', {'lion', 'mac', 'windows', 'ios', 'system', 'os'}), ('mouse', {'touch', 'button', 'mouse', 'track', 'click', 'finger', 'touchpad', 'pad', 'trackpad'})]
DEBUG:root:0.7683881064162754
DEBUG:root:0.8300237395434428
DEBUG:root:0.7683881064162754
DEBUG:root:0.7701352454206419
DEBUG:root:[[85  2 51  3  3 11  4]
 [ 0 92  5  1  1  2 11]
 [ 0  0 91  1  0  0  0]
 [ 0  1  6 52  2 10  1]
 [ 0  1  6  0 58  0  4]
 [ 1  0  3  6  0 54  4]
 [ 0  0  6  0  0  2 59]]
DEBUG:root:k pseudolabel
DEBUG:root:0.7918622848200313
DEBUG:root:0.8285308279761299
DEBUG:root:0.7918622848200313
DEBUG:root:0.788024726536115
DEBUG:root:[[87  3 38  8  7 14  2]
 [ 0 95  2  2  2  3  8]
 [ 0  0 90  0  1  0  1]
 [ 0  1  1 58  2  9  1]
 [ 0  2  4  0 59  1  3]
 [ 0  3  1  5  1 56  2]
 [ 1  0  2  1  1  1 61]]
DEBUG:root:threshold:0.45
DEBUG:root:0.699594046008119
DEBUG:root:0.747883532393088
DEBUG:root:0.699594046008119
DEBUG:root:0.6981306279539887
DEBUG:root:[[70  1 34 43  2  2  5  2]
 [ 0 92  8  4  0  1  2  5]
 [ 8  6 51 17  7  4  2  5]
 [ 0  0  1 90  0  1  0  0]
 [ 0  1 11  3 49  1  7  0]
 [ 0  1  6  2  0 56  0  4]
 [ 0  1  6  1  5  0 53  2]
 [ 0  0  7  2  0  1  1 56]]
DEBUG:root:kplus pseudolabel
DEBUG:root:0.6887686062246279
DEBUG:root:0.7528335951517897
DEBUG:root:0.6887686062246279
DEBUG:root:0.6908131314919606
DEBUG:root:[[61  1 53 32  4  1  6  1]
 [ 0 95  8  2  1  1  2  3]
 [ 8  5 59 14  6  5  2  1]
 [ 0  0  3 88  0  1  0  0]
 [ 0  1 12  1 50  1  7  0]
 [ 0  2  9  1  0 55  0  2]
 [ 0  1 15  0  5  0 46  1]
 [ 0  0 11  0  0  1  0 55]]
DEBUG:root:iteration: 1
DEBUG:root:[('support', {'repair', 'send', 'support', 'service', 'called', 'warrenty', 'apple', 'replace', 'contact', 'coverage'}), ('display', {'led', 'screen', 'monitor', 'display', 'color', 'picture'}), ('battery', {'charge', 'battery', 'hour', 'life', 'lasts', 'charges', 'hrs', 'last'}), ('software', {'photos', 'applications', 'files', 'photo', 'program', 'itunes', 'apps', 'programs', 'app', 'software'}), ('keyboard', {'keys', 'keyboard', 'key', 'space'}), ('os', {'lion', 'mac', 'windows', 'ios', 'system', 'os'}), ('mouse', {'touch', 'button', 'mouse', 'track', 'click', 'finger', 'touchpad', 'pad', 'trackpad'})]
DEBUG:root:0.7856025039123631
DEBUG:root:0.8253767065864203
DEBUG:root:0.7856025039123631
DEBUG:root:0.7844587066738011
DEBUG:root:[[91  3 39  4  6 15  1]
 [ 0 94  3  2  1  2 10]
 [ 0  0 90  1  1  0  0]
 [ 0  2  4 53  1 10  2]
 [ 0  2  4  0 59  1  3]
 [ 2  1  1  6  0 54  4]
 [ 0  0  4  0  1  1 61]]
DEBUG:root:k pseudolabel
DEBUG:root:0.7918622848200313
DEBUG:root:0.8285308279761299
DEBUG:root:0.7918622848200313
DEBUG:root:0.788024726536115
DEBUG:root:[[87  3 38  8  7 14  2]
 [ 0 95  2  2  2  3  8]
 [ 0  0 90  0  1  0  1]
 [ 0  1  1 58  2  9  1]
 [ 0  2  4  0 59  1  3]
 [ 0  3  1  5  1 56  2]
 [ 1  0  2  1  1  1 61]]
DEBUG:root:threshold:0.42
DEBUG:root:0.7144790257104194
DEBUG:root:0.7569351545497893
DEBUG:root:0.7144790257104194
DEBUG:root:0.7180128104005306
DEBUG:root:[[78  1 42 26  3  1  7  1]
 [ 1 92  8  2  1  1  2  5]
 [10  5 59 11  8  3  2  2]
 [ 0  0  1 89  1  1  0  0]
 [ 0  1 12  2 49  1  7  0]
 [ 0  1  8  1  0 57  0  2]
 [ 1  1  8  1  5  0 51  1]
 [ 0  0 12  0  0  1  1 53]]
DEBUG:root:kplus pseudolabel
DEBUG:root:0.6914749661705006
DEBUG:root:0.7668675657657534
DEBUG:root:0.6914749661705006
DEBUG:root:0.6956721486282321
DEBUG:root:[[57  1 68 23  4  1  5  0]
 [ 0 94 10  2  0  1  2  3]
 [ 7  5 64  8  8  4  2  2]
 [ 0  0  4 87  0  1  0  0]
 [ 0  1 13  1 50  1  6  0]
 [ 0  1 11  0  0 55  0  2]
 [ 0  1 12  0  5  0 49  1]
 [ 0  0 11  0  0  1  0 55]]
DEBUG:root:iteration: 2
DEBUG:root:[('support', {'repair', 'send', 'support', 'service', 'called', 'warrenty', 'apple', 'replace', 'contact', 'coverage'}), ('display', {'led', 'viewing', 'screen', 'monitor', 'display', 'color', 'picture'}), ('battery', {'charge', 'battery', 'hour', 'life', 'lasts', 'charges', 'hrs', 'last'}), ('software', {'photos', 'applications', 'files', 'photo', 'program', 'itunes', 'apps', 'programs', 'app', 'software'}), ('keyboard', {'keys', 'keyboard', 'key', 'space'}), ('os', {'lion', 'mac', 'windows', 'ios', 'win', 'system', 'os'}), ('mouse', {'touch', 'button', 'mouse', 'track', 'click', 'finger', 'touchpad', 'pad', 'trackpad'})]
DEBUG:root:0.7464788732394366
DEBUG:root:0.8176282550892624
DEBUG:root:0.7464788732394366
DEBUG:root:0.7447589454508259
DEBUG:root:[[74  2 62  2  0 14  5]
 [ 0 92  4  2  1  2 11]
 [ 0  0 90  0  1  0  1]
 [ 0  1  6 50  1 11  3]
 [ 0  3  3  0 56  1  6]
 [ 1  3  1  6  0 54  3]
 [ 0  0  5  0  0  1 61]]
DEBUG:root:k pseudolabel
DEBUG:root:0.7918622848200313
DEBUG:root:0.8285308279761299
DEBUG:root:0.7918622848200313
DEBUG:root:0.788024726536115
DEBUG:root:[[87  3 38  8  7 14  2]
 [ 0 95  2  2  2  3  8]
 [ 0  0 90  0  1  0  1]
 [ 0  1  1 58  2  9  1]
 [ 0  2  4  0 59  1  3]
 [ 0  3  1  5  1 56  2]
 [ 1  0  2  1  1  1 61]]
DEBUG:root:threshold:0.46
DEBUG:root:0.7077131258457375
DEBUG:root:0.7577815072662611
DEBUG:root:0.7077131258457375
DEBUG:root:0.7093579039570862
DEBUG:root:[[71  1 44 29  3  1  7  3]
 [ 0 94  8  2  1  1  2  4]
 [ 7  6 58 16  7  2  2  2]
 [ 0  0  3 87  1  1  0  0]
 [ 0  1 12  2 49  1  7  0]
 [ 0  1  8  1  0 57  0  2]
 [ 1  0  6  1  5  0 52  3]
 [ 0  0  9  1  0  1  1 55]]
DEBUG:root:kplus pseudolabel
DEBUG:root:0.6928281461434371
DEBUG:root:0.7613635958247208
DEBUG:root:0.6928281461434371
DEBUG:root:0.6943033016275111
DEBUG:root:[[59  1 61 28  3  1  5  1]
 [ 0 94  8  2  1  1  2  4]
 [ 6  5 61 13  6  6  2  1]
 [ 0  0  4 87  0  1  0  0]
 [ 0  1 13  1 50  1  6  0]
 [ 0  2  8  1  0 56  0  2]
 [ 0  1  9  1  5  0 50  2]
 [ 0  0 11  0  0  1  0 55]]
DEBUG:root:iteration: 3
DEBUG:root:[('support', {'repair', 'send', 'support', 'service', 'called', 'warrenty', 'apple', 'replace', 'contact', 'coverage'}), ('display', {'cs', 'led', 'viewing', 'screen', 'monitor', 'display', 'color', 'picture'}), ('battery', {'charge', 'battery', 'hour', 'life', 'lasts', 'charges', 'hrs', 'last'}), ('software', {'photos', 'applications', 'files', 'photo', 'program', 'itunes', 'apps', 'programs', 'app', 'software'}), ('keyboard', {'keys', 'keyboard', 'key', 'space'}), ('os', {'lion', 'mac', 'windows', 'ios', 'win', 'system', 'os'}), ('mouse', {'touch', 'button', 'mouse', 'track', 'click', 'finger', 'touchpad', 'mousepad', 'pad', 'trackpad'})]
DEBUG:root:0.784037558685446
DEBUG:root:0.8217045815720002
DEBUG:root:0.784037558685446
DEBUG:root:0.7840136667562515
DEBUG:root:[[93  6 40  1  2 15  2]
 [ 1 99  3  1  0  2  6]
 [ 0  1 88  1  1  0  1]
 [ 1  2  5 53  1 10  0]
 [ 0  4  4  0 57  0  4]
 [ 1  4  1  5  0 54  3]
 [ 1  1  4  0  1  3 57]]
DEBUG:root:k pseudolabel
DEBUG:root:0.7918622848200313
DEBUG:root:0.8285308279761299
DEBUG:root:0.7918622848200313
DEBUG:root:0.788024726536115
DEBUG:root:[[87  3 38  8  7 14  2]
 [ 0 95  2  2  2  3  8]
 [ 0  0 90  0  1  0  1]
 [ 0  1  1 58  2  9  1]
 [ 0  2  4  0 59  1  3]
 [ 0  3  1  5  1 56  2]
 [ 1  0  2  1  1  1 61]]
DEBUG:root:threshold:0.42
DEBUG:root:0.699594046008119
DEBUG:root:0.7350258572021675
DEBUG:root:0.699594046008119
DEBUG:root:0.6995779379659667
DEBUG:root:[[73  2 41 29  4  1  8  1]
 [ 0 95  8  1  1  1  2  4]
 [11 12 51 11  8  3  2  2]
 [ 0  0  2 88  1  1  0  0]
 [ 0  1 12  2 48  1  8  0]
 [ 0  2  7  1  0 57  0  2]
 [ 2  1  6  0  5  0 52  2]
 [ 0  0 11  2  0  1  0 53]]
DEBUG:root:kplus pseudolabel
DEBUG:root:0.6955345060893099
DEBUG:root:0.7518573122835305
DEBUG:root:0.6955345060893099
DEBUG:root:0.6997199309501132
DEBUG:root:[[68  2 49 29  5  1  5  0]
 [ 0 95  9  1  1  1  2  3]
 [ 9  8 55 13  6  6  2  1]
 [ 0  0  4 87  0  1  0  0]
 [ 0  1 12  1 50  1  7  0]
 [ 0  1 10  0  0 56  0  2]
 [ 0  1 10  1  5  0 50  1]
 [ 0  0 13  0  0  1  0 53]]
