DEBUG:root:no filtering: False
DEBUG:root:no tuning: False
DEBUG:root:0.8022774327122153
DEBUG:root:0.8193682258271384
DEBUG:root:0.8022774327122153
DEBUG:root:0.8081025337082374
DEBUG:root:[[439  33  21  32   6]
 [ 24 216  13   9   1]
 [ 10  13  88   1   1]
 [  8   8   0  30   1]
 [  1   1   8   0   2]]
DEBUG:root:k pseudolabel
DEBUG:root:0.8188405797101449
DEBUG:root:0.8150284668761556
DEBUG:root:0.8188405797101449
DEBUG:root:0.8154810183404333
DEBUG:root:[[455  36  24  16   0]
 [ 21 225  15   2   0]
 [ 11  16  86   0   0]
 [ 13   9   0  25   0]
 [  2   1   9   0   0]]
DEBUG:root:threshold:0.17
DEBUG:root:0.6972555746140652
DEBUG:root:0.7090463888772678
DEBUG:root:0.6972555746140652
DEBUG:root:0.7006528022351474
DEBUG:root:[[413  25  59  15  17   2]
 [ 17 196  38   9   3   0]
 [ 31  45  92  25   3   4]
 [  6  11  12  84   0   0]
 [  4   9   7   0  27   0]
 [  1   1   2   7   0   1]]
DEBUG:root:kplus pseudolabel
DEBUG:root:0.7024013722126929
DEBUG:root:0.6992563618509701
DEBUG:root:0.7024013722126929
DEBUG:root:0.6984376282362538
DEBUG:root:[[423  30  51  14  13   0]
 [ 18 205  29   9   2   0]
 [ 41  52  82  20   2   3]
 [  8  14   7  84   0   0]
 [  6   9   7   0  25   0]
 [  2   1   1   8   0   0]]
DEBUG:root:[('food', {'tasty', 'portion', 'pizza', 'sushi', 'bland', 'steak', 'specials', 'tuna', 'food', 'spicy'}), ('service', {'seat', 'slow', 'manager', 'attentive', 'helpful', 'tips', 'asked', 'waitress', 'management', 'servers'}), ('ambience', {'lounge', 'lady', 'romantic', 'atmosphere', 'cozy', 'inviting', 'decor', 'patio', 'seating', 'quiet'}), ('drinks', {'beers', 'sake', 'beer', 'beverage', 'margaritas', 'wines'}), ('location', {'river', 'located', 'view', 'block', 'convenient', 'avenue'})]
DEBUG:root:0.8002070393374742
DEBUG:root:0.8155771766911561
DEBUG:root:0.8002070393374742
DEBUG:root:0.8045651810914741
DEBUG:root:[[436  38  25  27   5]
 [ 19 221  12  10   1]
 [  9  18  85   0   1]
 [  8   9   0  30   0]
 [  1   1   9   0   1]]
DEBUG:root:k pseudolabel
DEBUG:root:0.8188405797101449
DEBUG:root:0.8149608582750113
DEBUG:root:0.8188405797101449
DEBUG:root:0.8153804527662473
DEBUG:root:[[455  37  24  15   0]
 [ 21 225  15   2   0]
 [ 11  16  86   0   0]
 [ 13   9   0  25   0]
 [  2   1   9   0   0]]
DEBUG:root:threshold:0.19
DEBUG:root:0.6989708404802745
DEBUG:root:0.6996851927085814
DEBUG:root:0.6989708404802745
DEBUG:root:0.6940344726473465
DEBUG:root:[[425  28  38  20  20   0]
 [ 15 203  30  12   3   0]
 [ 40  61  71  24   2   2]
 [  5  13   7  87   1   0]
 [  5   9   5   0  28   0]
 [  1   1   2   7   0   1]]
DEBUG:root:kplus pseudolabel
DEBUG:root:0.6878216123499142
DEBUG:root:0.6813423707500097
DEBUG:root:0.6878216123499142
DEBUG:root:0.6799010009564217
DEBUG:root:[[421  31  48  17  14   0]
 [ 16 209  26  10   2   0]
 [ 45  64  62  22   1   6]
 [  8  16   4  85   0   0]
 [  7   9   6   0  25   0]
 [  2   1   2   7   0   0]]
DEBUG:root:iteration: 1
DEBUG:root:[('food', {'tasty', 'portion', 'pizza', 'sushi', 'bland', 'steak', 'specials', 'tuna', 'food', 'spicy'}), ('service', {'seat', 'slow', 'manager', 'attentive', 'helpful', 'tips', 'asked', 'waitress', 'management', 'servers'}), ('ambience', {'lounge', 'lady', 'romantic', 'atmosphere', 'cozy', 'inviting', 'decor', 'patio', 'seating', 'quiet'}), ('drinks', {'beers', 'sake', 'beer', 'extensive', 'beverage', 'margaritas', 'wines'}), ('location', {'watching', 'river', 'located', 'view', 'block', 'convenient', 'avenue'})]
DEBUG:root:0.8074534161490683
DEBUG:root:0.8257366095871606
DEBUG:root:0.8074534161490683
DEBUG:root:0.8123836895258942
DEBUG:root:[[435  32  29  29   6]
 [ 21 220  15   7   0]
 [  6  16  91   0   0]
 [  6   9   0  32   0]
 [  1   1   8   0   2]]
DEBUG:root:k pseudolabel
DEBUG:root:0.8198757763975155
DEBUG:root:0.8158042912407457
DEBUG:root:0.8198757763975155
DEBUG:root:0.816379641976164
DEBUG:root:[[456  36  24  15   0]
 [ 21 225  15   2   0]
 [ 11  16  86   0   0]
 [ 13   9   0  25   0]
 [  2   1   9   0   0]]
DEBUG:root:threshold:0.18
DEBUG:root:0.6843910806174958
DEBUG:root:0.6976840165867677
DEBUG:root:0.6843910806174958
DEBUG:root:0.6861008482551338
DEBUG:root:[[406  26  61  17  21   0]
 [ 16 196  35  13   3   0]
 [ 34  55  77  29   3   2]
 [  3  14   9  87   0   0]
 [  3   7   7   0  30   0]
 [  2   1   0   7   0   2]]
DEBUG:root:kplus pseudolabel
DEBUG:root:0.6843910806174958
DEBUG:root:0.6843144975546488
DEBUG:root:0.6843910806174958
DEBUG:root:0.6811554555456765
DEBUG:root:[[415  30  55  18  13   0]
 [ 18 198  33  12   2   0]
 [ 39  58  75  23   1   4]
 [  8  14   6  85   0   0]
 [  8   9   5   0  25   0]
 [  2   1   0   9   0   0]]
DEBUG:root:iteration: 2
DEBUG:root:[('food', {'tasty', 'portion', 'pizza', 'sushi', 'bland', 'steak', 'specials', 'tuna', 'food', 'spicy'}), ('service', {'seat', 'slow', 'manager', 'attentive', 'helpful', 'tips', 'asked', 'waitress', 'management', 'servers'}), ('ambience', {'lounge', 'lady', 'romantic', 'atmosphere', 'cozy', 'inviting', 'decor', 'patio', 'seating', 'quiet'}), ('drinks', {'beers', 'sake', 'beer', 'extensive', 'beverage', 'margaritas', 'wines'}), ('location', {'watching', 'river', 'located', 'view', 'block', 'convenient', 'avenue'})]
