DEBUG:root:no filtering: False
DEBUG:root:no tuning: False
DEBUG:root:0.8095238095238095
DEBUG:root:0.8238667063465955
DEBUG:root:0.8095238095238095
DEBUG:root:0.8140136584300682
DEBUG:root:[[444  32  20  30   5]
 [ 23 217  13   9   1]
 [  8  16  88   1   0]
 [  7   9   0  31   0]
 [  2   1   7   0   2]]
DEBUG:root:k pseudolabel
DEBUG:root:0.8188405797101449
DEBUG:root:0.8150284668761556
DEBUG:root:0.8188405797101449
DEBUG:root:0.8154810183404333
DEBUG:root:[[455  36  24  16   0]
 [ 21 225  15   2   0]
 [ 11  16  86   0   0]
 [ 13   9   0  25   0]
 [  2   1   9   0   0]]
DEBUG:root:threshold:0.17
DEBUG:root:0.6852487135506004
DEBUG:root:0.6993709948017529
DEBUG:root:0.6852487135506004
DEBUG:root:0.687133898620659
DEBUG:root:[[408  28  45  21  29   0]
 [ 17 194  41   6   5   0]
 [ 31  55  80  27   5   2]
 [  4  11  11  86   1   0]
 [  3   8   6   0  30   0]
 [  1   1   1   8   0   1]]
DEBUG:root:kplus pseudolabel
DEBUG:root:0.7024013722126929
DEBUG:root:0.7007411803853707
DEBUG:root:0.7024013722126929
DEBUG:root:0.6983732918734931
DEBUG:root:[[426  31  41  19  14   0]
 [ 17 204  33   7   2   0]
 [ 37  59  79  20   0   5]
 [  6  15   7  85   0   0]
 [  8   9   5   0  25   0]
 [  2   1   3   6   0   0]]
DEBUG:root:[('food', {'steak', 'pizza', 'sushi', 'spicy', 'tasty', 'specials', 'chocolate', 'food', 'bland', 'fish'}), ('service', {'manager', 'servers', 'helpful', 'asked', 'slow', 'attentive', 'waiters', 'tips', 'seat', 'waitress'}), ('ambience', {'romantic', 'cozy', 'quiet', 'patio', 'seating', 'casual', 'decor', 'lady', 'lounge', 'atmosphere'}), ('drinks', {'margaritas', 'wines', 'sake', 'beers', 'beer', 'beverage'}), ('location', {'convenient', 'located', 'view', 'river', 'block', 'avenue'})]
DEBUG:root:0.8053830227743272
DEBUG:root:0.8197608094815186
DEBUG:root:0.8053830227743272
DEBUG:root:0.8101549931082025
DEBUG:root:[[442  33  23  28   5]
 [ 25 216  12   8   2]
 [  8  17  87   0   1]
 [  6   9   0  31   1]
 [  2   1   7   0   2]]
DEBUG:root:k pseudolabel
DEBUG:root:0.8188405797101449
DEBUG:root:0.8151458646052708
DEBUG:root:0.8188405797101449
DEBUG:root:0.8154562687581715
DEBUG:root:[[455  36  25  15   0]
 [ 21 225  15   2   0]
 [ 11  16  86   0   0]
 [ 13   9   0  25   0]
 [  2   1   9   0   0]]
DEBUG:root:threshold:0.16
DEBUG:root:0.692967409948542
DEBUG:root:0.7022402737436919
DEBUG:root:0.692967409948542
DEBUG:root:0.6937793449431793
DEBUG:root:[[415  26  52  16  21   1]
 [ 15 200  35   8   5   0]
 [ 34  59  76  25   4   2]
 [  4  10  13  86   0   0]
 [  3   9   6   0  29   0]
 [  1   1   3   5   0   2]]
DEBUG:root:kplus pseudolabel
DEBUG:root:0.6878216123499142
DEBUG:root:0.6844608387349284
DEBUG:root:0.6878216123499142
DEBUG:root:0.6824006669209186
DEBUG:root:[[421  31  51  17  11   0]
 [ 17 204  30  10   2   0]
 [ 43  58  67  26   1   5]
 [  8  14   6  85   0   0]
 [  5   9   8   0  25   0]
 [  2   1   1   8   0   0]]
DEBUG:root:iteration: 1
DEBUG:root:[('food', {'steak', 'pizza', 'sushi', 'spicy', 'tasty', 'specials', 'chocolate', 'food', 'bland', 'fish'}), ('service', {'manager', 'servers', 'helpful', 'asked', 'slow', 'attentive', 'waiters', 'tips', 'seat', 'waitress'}), ('ambience', {'romantic', 'cozy', 'quiet', 'patio', 'seating', 'casual', 'decor', 'lady', 'lounge', 'atmosphere'}), ('drinks', {'margaritas', 'wines', 'sake', 'beers', 'beer', 'beverage'}), ('location', {'convenient', 'located', 'view', 'river', 'block', 'avenue'})]
