DEBUG:root:no filtering: False
DEBUG:root:no tuning: False
DEBUG:root:0.6739130434782609
DEBUG:root:0.7235789013522851
DEBUG:root:0.6739130434782609
DEBUG:root:0.6897101024442809
DEBUG:root:[[76  4  3  2  1  3  1 11]
 [ 2 29  7  0  0  4  1 16]
 [ 1 15 36  0  0  1  0  1]
 [ 6  0  0 21  0  1  0  3]
 [ 2  3  3  0 17  0  1  0]
 [ 0  0  1  0  0 19  1  0]
 [ 0  1  2  0  1  0 11  0]
 [ 2  1  0  1  0  2  1  8]]
DEBUG:root:k pseudolabel
DEBUG:root:0.65527950310559
DEBUG:root:0.7050760061549702
DEBUG:root:0.65527950310559
DEBUG:root:0.6661707334409889
DEBUG:root:[[67  3  8  7  1  4  2  9]
 [ 1 26 10  4  1  4  2 11]
 [ 0 11 41  0  1  0  0  1]
 [ 2  0  1 23  1  0  0  4]
 [ 1  4  1  0 18  1  0  1]
 [ 1  0  2  2  0 16  0  0]
 [ 0  1  1  0  1  0 12  0]
 [ 0  0  0  4  1  1  1  8]]
DEBUG:root:threshold:0.27
DEBUG:root:0.6458333333333334
DEBUG:root:0.6644666154504815
DEBUG:root:0.6458333333333334
DEBUG:root:0.6466890330574421
DEBUG:root:[[216  33   1  13   3   5   7  11  13]
 [ 27  66   2   0   2   0   3   0   1]
 [ 22   0  24   3   0   0   4   1   5]
 [ 19   0   3  31   0   0   0   0   1]
 [  9   2   0   0  19   0   0   0   1]
 [  7   1   2   2   0  14   0   0   0]
 [  5   0   0   0   0   0  16   0   0]
 [  6   0   0   1   0   0   0   8   0]
 [  5   0   0   0   0   0   0   1   9]]
DEBUG:root:kplus pseudolabel
DEBUG:root:0.6714743589743589
DEBUG:root:0.7095076013337609
DEBUG:root:0.6714743589743589
DEBUG:root:0.6550912473268855
DEBUG:root:[[264  24   0   3   2   2   0   4   3]
 [ 39  55   0   0   6   0   1   0   0]
 [ 38   0  18   0   0   0   1   0   2]
 [ 26   0   1  26   0   0   0   0   1]
 [ 10   1   0   0  20   0   0   0   0]
 [ 13   0   0   0   0  13   0   0   0]
 [ 10   0   0   0   0   0  11   0   0]
 [  8   0   0   0   0   0   0   7   0]
 [  8   0   0   0   2   0   0   0   5]]
DEBUG:root:[('size_fit', {'large', 'fits', 'fit', 'sized', 'pens'}), ('quality', {'material', 'leather', 'materials', 'quality', 'substandard', 'durable', 'sharp'}), ('looks', {'picture', 'color', 'fancy', 'bright', 'shiny', 'green', 'red', 'pink'}), ('compartments', {'pockets', 'pocket', 'compartments', 'storage', 'pokets'}), ('price', {'$', 'worth', 'money', 'price', 'pay'}), ('protection', {'scratching', 'protect', 'protecting', 'protection', 'denting', 'protected', 'secure', 'scratches', 'cushioning'}), ('customer_service', {'contact', 'shipping', 'warranty', 'emailing', 'communication'}), ('handles', {'shoulder', 'sleeve', 'sling', 'hook', 'handles'})]
DEBUG:root:0.6521739130434783
DEBUG:root:0.7079024869569666
DEBUG:root:0.6521739130434783
DEBUG:root:0.6663088515904336
DEBUG:root:[[75  4  4  2  0  8  0  8]
 [ 2 29  8  0  0  5  0 15]
 [ 2 18 33  0  0  1  0  0]
 [ 6  1  0 20  0  0  0  4]
 [ 2  5  4  0 15  0  0  0]
 [ 2  0  1  0  0 17  0  1]
 [ 1  1  3  0  0  0 10  0]
 [ 1  0  0  0  1  1  1 11]]
DEBUG:root:k pseudolabel
DEBUG:root:0.65527950310559
DEBUG:root:0.7071688854674333
DEBUG:root:0.65527950310559
DEBUG:root:0.6667559774885568
DEBUG:root:[[67  3  8  7  1  4  2  9]
 [ 1 26 10  4  1  4  2 11]
 [ 0 11 41  0  1  0  0  1]
 [ 2  0  1 23  1  0  0  4]
 [ 1  3  1  0 18  1  0  2]
 [ 1  0  2  2  0 16  0  0]
 [ 0  1  1  0  1  0 12  0]
 [ 0  0  0  4  1  1  1  8]]
DEBUG:root:threshold:0.24
DEBUG:root:0.6394230769230769
DEBUG:root:0.6525409797784831
DEBUG:root:0.6394230769230769
DEBUG:root:0.640169449927389
DEBUG:root:[[217  33   5   8   4   4   4  17  10]
 [ 32  62   2   0   3   0   2   0   0]
 [ 25   0  25   2   0   0   1   1   5]
 [ 17   0   7  30   0   0   0   0   0]
 [  9   2   0   0  19   0   0   0   1]
 [  7   1   2   2   0  14   0   0   0]
 [  7   0   0   0   0   0  14   0   0]
 [  6   0   0   0   0   0   0   9   0]
 [  5   0   0   0   0   0   0   1   9]]
DEBUG:root:kplus pseudolabel
DEBUG:root:0.6538461538461539
DEBUG:root:0.6936398790266103
DEBUG:root:0.6538461538461539
DEBUG:root:0.6392937998349393
DEBUG:root:[[256  27   0   3   4   2   0   6   4]
 [ 41  54   0   0   6   0   0   0   0]
 [ 36   0  19   0   0   0   1   0   3]
 [ 27   0   1  26   0   0   0   0   0]
 [ 10   1   0   0  20   0   0   0   0]
 [ 12   1   0   0   0  13   0   0   0]
 [ 12   0   0   0   0   0   9   0   0]
 [ 10   0   0   0   0   0   0   5   0]
 [  7   0   0   0   2   0   0   0   6]]
DEBUG:root:iteration: 1
DEBUG:root:[('size_fit', {'large', 'fits', 'fit', 'sized', 'pens'}), ('quality', {'material', 'stitching', 'leather', 'materials', 'quality', 'zippers', 'substandard', 'durable', 'sharp', 'seams'}), ('looks', {'picture', 'looks', 'color', 'fancy', 'bright', 'shiny', 'green', 'red', 'pink'}), ('compartments', {'pockets', 'pocket', 'compartments', 'storage', 'pokets'}), ('price', {'$', 'worth', 'money', 'price', 'pay'}), ('protection', {'scratching', 'protect', 'protecting', 'protection', 'denting', 'protected', 'secure', 'scratches', 'cushioning'}), ('customer_service', {'refund', 'shipping', 'warranty', 'emailing', 'communication'}), ('handles', {'shoulder', 'sleeve', 'sling', 'hook', 'handles'})]
DEBUG:root:0.6832298136645962
DEBUG:root:0.7143534257957982
DEBUG:root:0.6832298136645962
DEBUG:root:0.691100761136996
DEBUG:root:[[79  2  5  2  2  4  0  7]
 [ 2 27  8  1  2  6  1 12]
 [ 2 10 40  0  0  1  0  1]
 [ 6  0  1 21  0  0  0  3]
 [ 1  4  4  0 17  0  0  0]
 [ 1  0  1  0  0 18  1  0]
 [ 1  1  2  0  0  0 11  0]
 [ 1  2  0  1  0  3  1  7]]
DEBUG:root:k pseudolabel
DEBUG:root:0.65527950310559
DEBUG:root:0.7050760061549702
DEBUG:root:0.65527950310559
DEBUG:root:0.6661707334409889
DEBUG:root:[[67  3  8  7  1  4  2  9]
 [ 1 26 10  4  1  4  2 11]
 [ 0 11 41  0  1  0  0  1]
 [ 2  0  1 23  1  0  0  4]
 [ 1  4  1  0 18  1  0  1]
 [ 1  0  2  2  0 16  0  0]
 [ 0  1  1  0  1  0 12  0]
 [ 0  0  0  4  1  1  1  8]]
DEBUG:root:threshold:0.26
DEBUG:root:0.6346153846153846
DEBUG:root:0.657738353695765
DEBUG:root:0.6346153846153846
DEBUG:root:0.6346158863207131
DEBUG:root:[[217  35   1   5   3   4   8  14  15]
 [ 29  64   2   0   3   0   3   0   0]
 [ 27   0  23   2   0   0   2   0   5]
 [ 24   0   3  27   0   0   0   0   0]
 [  9   2   0   0  20   0   0   0   0]
 [  8   1   2   1   0  14   0   0   0]
 [  7   1   0   0   0   0  13   0   0]
 [  6   0   0   0   0   0   0   9   0]
 [  5   0   0   0   0   0   0   1   9]]
DEBUG:root:kplus pseudolabel
DEBUG:root:0.6602564102564102
DEBUG:root:0.7047835418326065
DEBUG:root:0.6602564102564102
DEBUG:root:0.641850939621783
DEBUG:root:[[262  25   0   3   3   2   0   5   2]
 [ 41  53   0   0   6   0   1   0   0]
 [ 40   0  16   0   0   0   1   0   2]
 [ 29   0   0  25   0   0   0   0   0]
 [ 10   1   0   0  20   0   0   0   0]
 [ 12   1   0   0   0  13   0   0   0]
 [  9   0   0   0   0   0  12   0   0]
 [  9   0   0   0   0   0   0   6   0]
 [  9   0   0   0   1   0   0   0   5]]
DEBUG:root:iteration: 2
DEBUG:root:[('size_fit', {'large', 'fits', 'fit', 'sized', 'pens'}), ('quality', {'material', 'stitching', 'leather', 'materials', 'quality', 'zippers', 'substandard', 'durable', 'sharp', 'seams'}), ('looks', {'picture', 'looks', 'color', 'fancy', 'bright', 'shiny', 'green', 'red', 'pink'}), ('compartments', {'pockets', 'pocket', 'compartments', 'storage', 'pokets'}), ('price', {'$', 'worth', 'money', 'price', 'pay'}), ('protection', {'scratching', 'protect', 'protecting', 'protection', 'denting', 'protected', 'secure', 'scratches', 'cushioning'}), ('customer_service', {'shipping', 'warranty', 'emailing', 'communication'}), ('handles', {'shoulder', 'sleeve', 'sling', 'hook', 'handles'})]
DEBUG:root:0.6645962732919255
DEBUG:root:0.7150114697101445
DEBUG:root:0.6645962732919255
DEBUG:root:0.6778529948463377
DEBUG:root:[[75  3  6  2  1  5  0  9]
 [ 1 26 10  1  2  4  1 14]
 [ 1 12 39  0  0  1  0  1]
 [ 6  0  0 20  0  1  0  4]
 [ 2  4  2  0 16  2  0  0]
 [ 0  0  1  0  0 17  1  2]
 [ 0  1  2  0  0  0 11  1]
 [ 2  0  0  0  1  1  1 10]]
DEBUG:root:k pseudolabel
DEBUG:root:0.65527950310559
DEBUG:root:0.7034836660947923
DEBUG:root:0.65527950310559
DEBUG:root:0.6656639107377599
DEBUG:root:[[67  3  8  7  1  4  2  9]
 [ 1 26 10  4  1  4  2 11]
 [ 0 11 41  0  1  0  0  1]
 [ 2  0  1 23  1  0  0  4]
 [ 2  3  1  0 18  1  0  1]
 [ 1  0  2  2  0 16  0  0]
 [ 0  1  1  0  1  0 12  0]
 [ 0  0  0  4  1  1  1  8]]
DEBUG:root:threshold:0.27
DEBUG:root:0.6474358974358975
DEBUG:root:0.6686222340092312
DEBUG:root:0.6474358974358975
DEBUG:root:0.6468310346139154
DEBUG:root:[[223  34   1   7   4   4   5  13  11]
 [ 30  65   1   0   2   0   2   0   1]
 [ 27   0  23   1   0   0   1   1   6]
 [ 21   0   3  29   0   0   0   0   1]
 [  9   2   0   0  19   0   0   0   1]
 [  7   1   2   2   0  14   0   0   0]
 [  7   1   0   0   0   0  13   0   0]
 [  6   0   0   0   0   0   0   9   0]
 [  5   0   0   0   0   0   0   1   9]]
DEBUG:root:kplus pseudolabel
DEBUG:root:0.6474358974358975
DEBUG:root:0.6898041575286662
DEBUG:root:0.6474358974358975
DEBUG:root:0.6316871998472744
DEBUG:root:[[255  27   0   4   4   2   0   5   5]
 [ 40  54   0   0   6   0   1   0   0]
 [ 37   0  18   0   0   0   1   0   3]
 [ 29   0   0  25   0   0   0   0   0]
 [ 10   1   0   0  20   0   0   0   0]
 [ 13   0   0   0   0  13   0   0   0]
 [ 12   0   0   0   0   0   9   0   0]
 [ 10   0   0   0   0   0   0   5   0]
 [  8   0   0   0   2   0   0   0   5]]
DEBUG:root:iteration: 3
DEBUG:root:[('size_fit', {'large', 'fits', 'fit', 'sized', 'pens'}), ('quality', {'material', 'stitching', 'leather', 'materials', 'quality', 'zippers', 'substandard', 'durable', 'sharp', 'seams'}), ('looks', {'picture', 'looks', 'color', 'fancy', 'bright', 'shiny', 'green', 'red', 'pink'}), ('compartments', {'pockets', 'pocket', 'compartments', 'storage', 'pokets'}), ('price', {'$', 'worth', 'money', 'price', 'pay'}), ('protection', {'scratching', 'protect', 'protecting', 'protection', 'denting', 'protected', 'secure', 'scratches', 'cushioning'}), ('customer_service', {'contact', 'shipping', 'warranty', 'emailing', 'communication'}), ('handles', {'shoulder', 'sleeve', 'sling', 'hook', 'handles'})]
DEBUG:root:0.6770186335403726
DEBUG:root:0.7129192078962535
DEBUG:root:0.6770186335403726
DEBUG:root:0.6875390268397465
DEBUG:root:[[78  6  3  2  0  7  0  5]
 [ 2 29 10  1  2  6  0  9]
 [ 0 15 36  0  1  1  0  1]
 [ 5  0  1 20  0  1  0  4]
 [ 1  3  2  0 18  1  1  0]
 [ 2  0  1  0  0 17  0  1]
 [ 0  1  2  0  0  0 12  0]
 [ 2  1  0  0  1  2  1  8]]
DEBUG:root:k pseudolabel
DEBUG:root:0.65527950310559
DEBUG:root:0.7056552365295973
DEBUG:root:0.65527950310559
DEBUG:root:0.6660014746710547
DEBUG:root:[[67  3  8  7  1  4  2  9]
 [ 1 26 10  4  1  4  2 11]
 [ 0 11 41  0  1  0  0  1]
 [ 2  0  1 23  1  0  0  4]
 [ 1  3  1  0 18  1  1  1]
 [ 1  0  2  2  0 16  0  0]
 [ 0  1  1  0  1  0 12  0]
 [ 0  0  0  4  1  1  1  8]]
DEBUG:root:threshold:0.27
DEBUG:root:0.6458333333333334
DEBUG:root:0.6540879255994462
DEBUG:root:0.6458333333333334
DEBUG:root:0.6443677783390894
DEBUG:root:[[221  34   5   6   4   6   5  12   9]
 [ 26  65   2   0   3   0   5   0   0]
 [ 26   0  25   3   0   0   2   0   3]
 [ 21   0   4  29   0   0   0   0   0]
 [  9   2   0   0  19   0   0   0   1]
 [  6   1   2   2   0  15   0   0   0]
 [  8   0   0   0   0   0  13   0   0]
 [  7   0   0   0   0   0   0   8   0]
 [  6   0   0   0   0   0   0   1   8]]
DEBUG:root:kplus pseudolabel
DEBUG:root:0.6538461538461539
DEBUG:root:0.6975462560262069
DEBUG:root:0.6538461538461539
DEBUG:root:0.636554170133244
DEBUG:root:[[261  25   0   3   3   2   0   6   2]
 [ 43  51   0   0   6   0   1   0   0]
 [ 37   0  19   0   0   0   1   0   2]
 [ 31   0   0  23   0   0   0   0   0]
 [ 10   1   0   0  20   0   0   0   0]
 [ 12   1   0   0   0  13   0   0   0]
 [ 10   0   0   0   0   0  11   0   0]
 [ 10   0   0   0   0   0   0   5   0]
 [  9   0   0   0   1   0   0   0   5]]
