DEBUG:root:no filtering: False
DEBUG:root:no tuning: False
DEBUG:root:0.6770186335403726
DEBUG:root:0.7169161331541762
DEBUG:root:0.6770186335403726
DEBUG:root:0.6876061992040949
DEBUG:root:[[76  5  4  3  1  5  0  7]
 [ 3 32  4  0  0 12  0  8]
 [ 1 14 37  0  0  1  0  1]
 [ 5  1  0 21  0  0  0  4]
 [ 3  3  4  0 16  0  0  0]
 [ 1  0  2  0  0 18  0  0]
 [ 1  1  3  0  0  0 10  0]
 [ 2  1  0  1  1  1  1  8]]
DEBUG:root:k pseudolabel
DEBUG:root:0.65527950310559
DEBUG:root:0.7059956179441474
DEBUG:root:0.65527950310559
DEBUG:root:0.6661351291756621
DEBUG:root:[[67  3  8  7  1  4  2  9]
 [ 1 26 10  4  1  4  2 11]
 [ 0 11 41  0  1  0  0  1]
 [ 2  0  1 23  1  0  0  4]
 [ 1  3  1  0 18  2  0  1]
 [ 1  0  2  2  0 16  0  0]
 [ 0  1  1  0  1  0 12  0]
 [ 0  0  0  4  1  1  1  8]]
DEBUG:root:threshold:0.27
DEBUG:root:0.6378205128205128
DEBUG:root:0.6535472550988887
DEBUG:root:0.6378205128205128
DEBUG:root:0.6382546060182127
DEBUG:root:[[215  31   2   8   4   9   7  13  13]
 [ 32  62   1   0   4   0   2   0   0]
 [ 24   0  24   2   1   0   3   1   4]
 [ 18   0   6  29   0   0   0   0   1]
 [  6   3   0   0  20   0   0   0   2]
 [  8   1   1   1   0  15   0   0   0]
 [  5   1   0   0   0   0  15   0   0]
 [  6   0   0   0   0   0   0   9   0]
 [  5   0   0   0   0   0   0   1   9]]
DEBUG:root:kplus pseudolabel
DEBUG:root:0.655448717948718
DEBUG:root:0.6937579140293728
DEBUG:root:0.655448717948718
DEBUG:root:0.6400079873586025
DEBUG:root:[[258  28   0   2   4   2   0   5   3]
 [ 41  53   0   0   6   0   1   0   0]
 [ 36   0  20   1   0   0   1   0   1]
 [ 29   0   1  24   0   0   0   0   0]
 [ 10   1   0   0  20   0   0   0   0]
 [ 13   0   0   0   0  13   0   0   0]
 [ 10   0   0   0   0   0  11   0   0]
 [ 10   0   0   0   0   0   0   5   0]
 [  9   0   0   0   1   0   0   0   5]]
DEBUG:root:[('size_fit', {'fits', 'fit', 'large', 'pens', 'sized'}), ('quality', {'material', 'durable', 'substandard', 'quality', 'materials', 'sharp'}), ('looks', {'fancy', 'red', 'picture', 'pink', 'bright', 'shiny', 'color', 'green'}), ('compartments', {'storage', 'compartments', 'pokets', 'pocket', 'pockets'}), ('price', {'pay', 'worth', '$', 'money', 'price'}), ('protection', {'protection', 'scratches', 'denting', 'protect', 'secure', 'scratching', 'cushioning', 'protecting', 'protected'}), ('customer_service', {'shipping', 'emailing', 'warranty', 'communication'}), ('handles', {'shoulder', 'sling', 'sleeve', 'hook', 'handles'})]
DEBUG:root:0.6708074534161491
DEBUG:root:0.7234562984915588
DEBUG:root:0.6708074534161491
DEBUG:root:0.6854904635619015
DEBUG:root:[[74  3  4  4  0  3  2 11]
 [ 0 28  8  0  1  4  2 16]
 [ 1 16 36  0  0  0  0  1]
 [ 6  1  0 21  0  0  0  3]
 [ 2  3  2  0 16  1  2  0]
 [ 2  0  1  0  0 17  0  1]
 [ 0  1  1  0  0  0 13  0]
 [ 0  1  0  0  1  1  1 11]]
DEBUG:root:k pseudolabel
DEBUG:root:0.65527950310559
DEBUG:root:0.7058292233484049
DEBUG:root:0.65527950310559
DEBUG:root:0.6660808827322628
DEBUG:root:[[67  3  8  7  1  4  2  9]
 [ 1 26 10  4  1  4  2 11]
 [ 0 11 41  0  1  0  0  1]
 [ 2  0  1 23  1  0  0  4]
 [ 1  3  2  0 18  1  0  1]
 [ 1  0  2  2  0 16  0  0]
 [ 0  1  1  0  1  0 12  0]
 [ 0  0  0  4  1  1  1  8]]
DEBUG:root:threshold:0.27
DEBUG:root:0.6298076923076923
DEBUG:root:0.6463823434423764
DEBUG:root:0.6298076923076923
DEBUG:root:0.6323248835663635
DEBUG:root:[[213  31   7   8   4   7   2  14  16]
 [ 31  65   1   0   2   0   2   0   0]
 [ 24   0  24   3   0   0   2   1   5]
 [ 18   0   6  29   0   0   0   0   1]
 [  8   3   0   0  18   0   0   0   2]
 [  7   1   2   2   0  14   0   0   0]
 [  7   0   0   0   0   0  13   0   1]
 [  6   0   0   0   0   0   0   9   0]
 [  6   0   0   0   0   0   0   1   8]]
DEBUG:root:kplus pseudolabel
DEBUG:root:0.6474358974358975
DEBUG:root:0.6917684790018388
DEBUG:root:0.6474358974358975
DEBUG:root:0.6319743868471286
DEBUG:root:[[255  26   0   2   3   4   0   8   4]
 [ 40  55   0   0   5   0   1   0   0]
 [ 36   0  19   0   0   0   1   0   3]
 [ 31   0   0  23   0   0   0   0   0]
 [ 10   1   0   0  20   0   0   0   0]
 [ 12   1   0   0   0  13   0   0   0]
 [ 13   0   0   0   0   0   8   0   0]
 [ 10   0   0   0   0   0   0   5   0]
 [  7   0   0   0   2   0   0   0   6]]
DEBUG:root:iteration: 1
DEBUG:root:[('size_fit', {'fits', 'fit', 'large', 'pens', 'sized'}), ('quality', {'material', 'durable', 'substandard', 'quality', 'materials', 'sharp'}), ('looks', {'fancy', 'red', 'picture', 'pink', 'bright', 'shiny', 'color', 'green'}), ('compartments', {'storage', 'compartments', 'pokets', 'pocket', 'pockets'}), ('price', {'pay', 'worth', '$', 'money', 'price'}), ('protection', {'protection', 'scratches', 'denting', 'protect', 'secure', 'scratching', 'cushioning', 'protecting', 'protected'}), ('customer_service', {'shipping', 'emailing', 'warranty', 'communication'}), ('handles', {'shoulder', 'sling', 'sleeve', 'hook', 'handles'})]
