DEBUG:root:no filtering: False
DEBUG:root:no tuning: False
DEBUG:root:0.6801242236024845
DEBUG:root:0.7166904922987941
DEBUG:root:0.6801242236024845
DEBUG:root:0.6895380072020634
DEBUG:root:[[75  4  6  2  2  5  0  7]
 [ 1 29 11  1  1  3  1 12]
 [ 1 14 39  0  0  0  0  0]
 [ 4  0  2 21  1  0  0  3]
 [ 1  4  3  0 17  1  0  0]
 [ 0  0  1  0  0 19  1  0]
 [ 0  1  4  0  0  0 10  0]
 [ 2  0  0  1  1  1  1  9]]
DEBUG:root:k pseudolabel
DEBUG:root:0.65527950310559
DEBUG:root:0.7058292233484049
DEBUG:root:0.65527950310559
DEBUG:root:0.6660808827322628
DEBUG:root:[[67  3  8  7  1  4  2  9]
 [ 1 26 10  4  1  4  2 11]
 [ 0 11 41  0  1  0  0  1]
 [ 2  0  1 23  1  0  0  4]
 [ 1  3  2  0 18  1  0  1]
 [ 1  0  2  2  0 16  0  0]
 [ 0  1  1  0  1  0 12  0]
 [ 0  0  0  4  1  1  1  8]]
DEBUG:root:threshold:0.43
DEBUG:root:0.6266025641025641
DEBUG:root:0.6394981593556941
DEBUG:root:0.6266025641025641
DEBUG:root:0.628097532089826
DEBUG:root:[[200  37   5  15   5   6   8  17   9]
 [ 26  67   2   1   2   0   3   0   0]
 [ 25   0  24   4   0   0   2   1   3]
 [ 14   0   5  34   0   0   0   0   1]
 [  7   3   0   0  19   0   0   0   2]
 [  7   1   2   2   0  14   0   0   0]
 [  5   0   1   0   0   0  15   0   0]
 [  6   0   0   0   0   0   0   9   0]
 [  5   0   0   0   0   0   0   1   9]]
DEBUG:root:kplus pseudolabel
DEBUG:root:0.6586538461538461
DEBUG:root:0.6890132047158164
DEBUG:root:0.6586538461538461
DEBUG:root:0.6461786302956578
DEBUG:root:[[252  29   0   4   4   2   0   8   3]
 [ 36  58   0   0   6   0   1   0   0]
 [ 37   0  19   1   0   0   1   0   1]
 [ 25   0   2  27   0   0   0   0   0]
 [  9   1   0   0  20   0   0   0   1]
 [ 13   0   0   0   0  13   0   0   0]
 [ 10   0   0   0   0   0  11   0   0]
 [ 10   0   0   0   0   0   0   5   0]
 [  6   0   0   0   2   0   0   1   6]]
DEBUG:root:[('size_fit', {'pens', 'fit', 'sized', 'fits', 'large'}), ('quality', {'durable', 'quality', 'materials', 'sharp', 'material', 'substandard'}), ('looks', {'bright', 'pink', 'fancy', 'red', 'shiny', 'color', 'picture', 'green'}), ('compartments', {'pokets', 'compartments', 'pockets', 'storage', 'pocket'}), ('price', {'pay', 'worth', 'money', '$', 'price'}), ('protection', {'protected', 'cushioning', 'secure', 'scratching', 'denting', 'protecting', 'scratches', 'protect', 'protection'}), ('customer_service', {'communication', 'emailing', 'shipping', 'warranty'}), ('handles', {'handles', 'sling', 'sleeve', 'hook', 'shoulder'})]
DEBUG:root:0.6459627329192547
DEBUG:root:0.6818999365365312
DEBUG:root:0.6459627329192547
DEBUG:root:0.65519592925368
DEBUG:root:[[73  3  7  2  5  4  0  7]
 [ 2 25 12  0  2  4  0 14]
 [ 1 15 36  0  0  2  0  0]
 [ 4  1  1 21  0  1  0  3]
 [ 3  2  2  0 19  0  0  0]
 [ 2  0  1  0  0 17  1  0]
 [ 1  0  4  0  0  0  9  1]
 [ 1  0  0  2  2  1  1  8]]
DEBUG:root:k pseudolabel
DEBUG:root:0.65527950310559
DEBUG:root:0.7034836660947923
DEBUG:root:0.65527950310559
DEBUG:root:0.6656639107377599
DEBUG:root:[[67  3  8  7  1  4  2  9]
 [ 1 26 10  4  1  4  2 11]
 [ 0 11 41  0  1  0  0  1]
 [ 2  0  1 23  1  0  0  4]
 [ 2  3  1  0 18  1  0  1]
 [ 1  0  2  2  0 16  0  0]
 [ 0  1  1  0  1  0 12  0]
 [ 0  0  0  4  1  1  1  8]]
DEBUG:root:threshold:0.44
DEBUG:root:0.6314102564102564
DEBUG:root:0.6455511346824279
DEBUG:root:0.6314102564102564
DEBUG:root:0.6328479062617944
DEBUG:root:[[206  35   2  16   4   8   5  12  14]
 [ 26  65   3   2   3   0   2   0   0]
 [ 24   0  23   4   0   0   2   0   6]
 [ 16   0   3  34   0   0   0   0   1]
 [  8   2   0   0  20   0   0   0   1]
 [  7   1   2   2   0  14   0   0   0]
 [  3   3   0   0   0   0  15   0   0]
 [  5   0   1   0   0   0   0   9   0]
 [  5   0   0   0   1   0   0   1   8]]
DEBUG:root:kplus pseudolabel
DEBUG:root:0.6698717948717948
DEBUG:root:0.7003019599223946
DEBUG:root:0.6698717948717948
DEBUG:root:0.6597795014139374
DEBUG:root:[[253  27   0   3   3   4   0   6   6]
 [ 36  58   0   0   6   0   1   0   0]
 [ 33   0  21   1   0   0   1   0   3]
 [ 23   0   1  30   0   0   0   0   0]
 [  9   1   0   0  20   0   0   0   1]
 [ 12   1   0   0   0  13   0   0   0]
 [ 10   0   0   0   0   0  11   0   0]
 [  9   0   0   0   0   0   0   6   0]
 [  7   0   0   0   2   0   0   0   6]]
DEBUG:root:iteration: 1
DEBUG:root:[('size_fit', {'pens', 'fit', 'sized', 'fits', 'large'}), ('quality', {'durable', 'quality', 'materials', 'sharp', 'material', 'substandard'}), ('looks', {'bright', 'pink', 'fancy', 'red', 'shiny', 'color', 'picture', 'green'}), ('compartments', {'pokets', 'compartments', 'pockets', 'storage', 'pocket'}), ('price', {'pay', 'worth', 'money', '$', 'price'}), ('protection', {'protected', 'cushioning', 'secure', 'scratching', 'denting', 'protecting', 'scratches', 'protect', 'protection'}), ('customer_service', {'communication', 'emailing', 'shipping', 'warranty'}), ('handles', {'handles', 'sling', 'sleeve', 'hook', 'shoulder'})]
