DEBUG:root:no filtering: True
DEBUG:root:no tuning: False
DEBUG:root:0.6583850931677019
DEBUG:root:0.695417529239941
DEBUG:root:0.6583850931677019
DEBUG:root:0.6678876146948919
DEBUG:root:[[73  2  7  2  3  9  0  5]
 [ 2 28  9  1  1  6  0 12]
 [ 1 14 38  0  0  1  0  0]
 [ 4  4  1 19  0  0  0  3]
 [ 2  4  2  0 17  0  1  0]
 [ 1  0  0  0  1 18  0  1]
 [ 0  1  2  0  1  0 11  0]
 [ 3  1  0  0  1  1  1  8]]
DEBUG:root:k pseudolabel
DEBUG:root:0.65527950310559
DEBUG:root:0.7050760061549702
DEBUG:root:0.65527950310559
DEBUG:root:0.6661707334409889
DEBUG:root:[[67  3  8  7  1  4  2  9]
 [ 1 26 10  4  1  4  2 11]
 [ 0 11 41  0  1  0  0  1]
 [ 2  0  1 23  1  0  0  4]
 [ 1  4  1  0 18  1  0  1]
 [ 1  0  2  2  0 16  0  0]
 [ 0  1  1  0  1  0 12  0]
 [ 0  0  0  4  1  1  1  8]]
DEBUG:root:threshold:0.26
DEBUG:root:0.6618589743589743
DEBUG:root:0.6725126084163876
DEBUG:root:0.6618589743589743
DEBUG:root:0.6602196718906413
DEBUG:root:[[226  31   1  11   3   5   7  10   8]
 [ 30  65   1   0   2   0   3   0   0]
 [ 23   0  25   4   0   0   2   0   5]
 [ 16   0   5  32   0   0   0   0   1]
 [  9   2   0   0  19   0   0   0   1]
 [  8   1   1   2   0  14   0   0   0]
 [  5   0   1   0   0   0  15   0   0]
 [  6   0   0   1   0   0   0   8   0]
 [  5   0   0   0   0   0   0   1   9]]
DEBUG:root:kplus pseudolabel
DEBUG:root:0.6602564102564102
DEBUG:root:0.700678657356984
DEBUG:root:0.6602564102564102
DEBUG:root:0.6455991354259221
DEBUG:root:[[258  27   0   3   3   2   0   5   4]
 [ 38  56   0   0   6   0   1   0   0]
 [ 36   0  20   0   0   0   1   0   2]
 [ 29   0   0  25   0   0   0   0   0]
 [ 10   1   0   0  20   0   0   0   0]
 [ 12   1   0   0   0  13   0   0   0]
 [ 11   0   0   0   0   0  10   0   0]
 [ 10   0   0   0   0   0   0   5   0]
 [  8   0   0   0   2   0   0   0   5]]
DEBUG:root:[('size_fit', {'dell', 'fit', 'size', 'room', 'sized', 'fits', 'pens', 'inch', 'large'}), ('quality', {'stitching', 'quality', 'materials', 'durable', 'leather', 'material', 'sharp', 'made', 'substandard'}), ('looks', {'fancy', 'picture', 'color', 'bright', 'pink', 'shiny', 'red', 'green'}), ('compartments', {'pocket', 'pokets', 'storage', 'slot', 'pockets', 'compartments'}), ('price', {'pay', 'price', 'worth', 'money', '$'}), ('protection', {'protection', 'denting', 'protecting', 'secure', 'scratching', 'cushioning', 'protected', 'scratches', 'protect'}), ('customer_service', {'shipping', 'communication', 'emailing', 'refund', 'warranty'}), ('handles', {'handles', 'hook', 'sling', 'sleeve', 'handle', 'shoulder'})]
DEBUG:root:0.6739130434782609
DEBUG:root:0.6926073259451845
DEBUG:root:0.6739130434782609
DEBUG:root:0.6774465119558162
DEBUG:root:[[78  2  4  2  4  5  0  6]
 [ 4 29 10  0  1  6  2  7]
 [ 2 12 38  0  1  0  0  1]
 [ 6  1  0 20  0  0  0  4]
 [ 3  2  3  0 18  0  0  0]
 [ 4  0  1  1  0 14  1  0]
 [ 1  1  3  0  0  0 10  0]
 [ 2  0  0  0  1  1  1 10]]
DEBUG:root:k pseudolabel
DEBUG:root:0.65527950310559
DEBUG:root:0.7059956179441474
DEBUG:root:0.65527950310559
DEBUG:root:0.6661351291756621
DEBUG:root:[[67  3  8  7  1  4  2  9]
 [ 1 26 10  4  1  4  2 11]
 [ 0 11 41  0  1  0  0  1]
 [ 2  0  1 23  1  0  0  4]
 [ 1  3  1  0 18  2  0  1]
 [ 1  0  2  2  0 16  0  0]
 [ 0  1  1  0  1  0 12  0]
 [ 0  0  0  4  1  1  1  8]]
DEBUG:root:threshold:0.28
DEBUG:root:0.6330128205128205
DEBUG:root:0.6510413427888321
DEBUG:root:0.6330128205128205
DEBUG:root:0.6330727964021456
DEBUG:root:[[217  37   1   7   4   7   6  11  12]
 [ 30  64   0   0   2   0   4   0   1]
 [ 26   0  24   2   0   0   1   0   6]
 [ 20   0   4  28   0   0   1   0   1]
 [  8   3   0   0  19   0   0   0   1]
 [  7   1   2   2   0  14   0   0   0]
 [  7   1   0   0   0   0  13   0   0]
 [  7   0   1   0   0   0   0   7   0]
 [  5   0   0   0   0   0   0   1   9]]
DEBUG:root:kplus pseudolabel
DEBUG:root:0.6426282051282052
DEBUG:root:0.6851463279591806
DEBUG:root:0.6426282051282052
DEBUG:root:0.6285241323984325
DEBUG:root:[[251  28   0   3   5   3   0   7   5]
 [ 40  54   0   0   6   0   1   0   0]
 [ 37   0  19   0   0   0   1   0   2]
 [ 30   0   0  24   0   0   0   0   0]
 [ 10   1   0   0  20   0   0   0   0]
 [ 12   1   0   0   0  13   0   0   0]
 [ 12   0   0   0   0   0   9   0   0]
 [  9   0   0   0   0   0   0   6   0]
 [  8   0   0   0   2   0   0   0   5]]
DEBUG:root:iteration: 1
DEBUG:root:[('size_fit', {'dell', 'fit', 'size', 'room', 'sized', 'fits', 'pens', 'inch', 'large'}), ('quality', {'stitching', 'quality', 'materials', 'durable', 'leather', 'material', 'sharp', 'made', 'substandard'}), ('looks', {'fancy', 'picture', 'color', 'bright', 'pink', 'shiny', 'red', 'green'}), ('compartments', {'pocket', 'pokets', 'storage', 'slot', 'pockets', 'compartments'}), ('price', {'pay', 'price', 'worth', 'money', '$'}), ('protection', {'protection', 'denting', 'protecting', 'secure', 'scratching', 'cushioning', 'protected', 'scratches', 'protect'}), ('customer_service', {'shipping', 'communication', 'emailing', 'amazon', 'refund', 'warranty'}), ('handles', {'handles', 'hook', 'sling', 'sleeve', 'handle', 'shoulder'})]
DEBUG:root:0.65527950310559
DEBUG:root:0.6972345481724933
DEBUG:root:0.65527950310559
DEBUG:root:0.6678133154735154
DEBUG:root:[[73  4  6  3  1  4  2  8]
 [ 2 31  6  1  1  4  2 12]
 [ 1 16 35  0  1  0  0  1]
 [ 5  3  0 20  0  0  0  3]
 [ 1  6  3  0 15  0  1  0]
 [ 1  0  1  0  0 16  1  2]
 [ 1  1  2  0  0  0 11  0]
 [ 2  0  0  0  1  1  1 10]]
DEBUG:root:k pseudolabel
DEBUG:root:0.6583850931677019
DEBUG:root:0.7082895076293415
DEBUG:root:0.6583850931677019
DEBUG:root:0.6690867483062005
DEBUG:root:[[67  3  8  7  1  4  2  9]
 [ 1 26 10  4  1  4  2 11]
 [ 0 11 41  0  1  0  0  1]
 [ 2  0  1 23  1  0  0  4]
 [ 1  3  1  0 19  1  0  1]
 [ 1  0  2  2  0 16  0  0]
 [ 0  1  1  0  1  0 12  0]
 [ 0  0  0  4  1  1  1  8]]
DEBUG:root:threshold:0.27
DEBUG:root:0.6490384615384616
DEBUG:root:0.6623642434027555
DEBUG:root:0.6490384615384616
DEBUG:root:0.6492639606957773
DEBUG:root:[[220  31   4   9   4   5   2  14  13]
 [ 33  63   0   0   4   0   1   0   0]
 [ 26   0  25   3   0   0   1   0   4]
 [ 17   0   4  33   0   0   0   0   0]
 [  8   3   0   0  20   0   0   0   0]
 [  7   1   2   2   0  14   0   0   0]
 [  6   1   0   0   0   0  14   0   0]
 [  7   0   0   0   0   0   0   8   0]
 [  6   0   0   0   0   0   0   1   8]]
DEBUG:root:kplus pseudolabel
DEBUG:root:0.6602564102564102
DEBUG:root:0.697725724652976
DEBUG:root:0.6602564102564102
DEBUG:root:0.6455643011229069
DEBUG:root:[[260  25   0   3   3   2   0   6   3]
 [ 43  52   0   0   5   0   1   0   0]
 [ 35   0  21   0   0   0   1   0   2]
 [ 27   0   1  26   0   0   0   0   0]
 [ 10   1   0   0  20   0   0   0   0]
 [ 13   0   0   0   0  13   0   0   0]
 [ 11   0   0   0   0   0  10   0   0]
 [ 10   0   0   0   0   0   0   5   0]
 [  8   0   0   0   2   0   0   0   5]]
DEBUG:root:iteration: 2
DEBUG:root:[('size_fit', {'dell', 'fit', 'size', 'room', 'sized', 'fits', 'pens', 'inch', 'large'}), ('quality', {'stitching', 'quality', 'materials', 'durable', 'leather', 'material', 'sharp', 'made', 'substandard'}), ('looks', {'fancy', 'picture', 'color', 'bright', 'pink', 'shiny', 'red', 'green'}), ('compartments', {'pocket', 'pokets', 'storage', 'slot', 'pockets', 'compartments'}), ('price', {'pay', 'price', 'worth', 'money', '$'}), ('protection', {'protection', 'denting', 'protecting', 'secure', 'scratching', 'cushioning', 'protected', 'scratches', 'protect'}), ('customer_service', {'shipping', 'communication', 'emailing', 'amazon', 'refund', 'warranty'}), ('handles', {'handles', 'hook', 'sling', 'sleeve', 'handle', 'shoulder'})]
