DEBUG:root:no filtering: False
DEBUG:root:no tuning: False
DEBUG:root:0.8022774327122153
DEBUG:root:0.8219078249815762
DEBUG:root:0.8022774327122153
DEBUG:root:0.8090000995855398
DEBUG:root:[[434  34  26  26  11]
 [ 21 222  12   5   3]
 [  8  17  87   0   1]
 [  7   9   0  30   1]
 [  1   1   8   0   2]]
DEBUG:root:k pseudolabel
DEBUG:root:0.8188405797101449
DEBUG:root:0.8151458646052708
DEBUG:root:0.8188405797101449
DEBUG:root:0.8154562687581715
DEBUG:root:[[455  36  25  15   0]
 [ 21 225  15   2   0]
 [ 11  16  86   0   0]
 [ 13   9   0  25   0]
 [  2   1   9   0   0]]
DEBUG:root:threshold:0.16
DEBUG:root:0.6989708404802745
DEBUG:root:0.6987673165844164
DEBUG:root:0.6989708404802745
DEBUG:root:0.6940245087674745
DEBUG:root:[[422  35  42  16  16   0]
 [ 16 212  26   6   3   0]
 [ 38  68  70  16   3   5]
 [  5  16   9  83   0   0]
 [  5   9   6   0  27   0]
 [  2   1   2   6   0   1]]
DEBUG:root:kplus pseudolabel
DEBUG:root:0.6972555746140652
DEBUG:root:0.7007930335550415
DEBUG:root:0.6972555746140652
DEBUG:root:0.6956629723743895
DEBUG:root:[[414  30  57  17  13   0]
 [ 16 208  26  11   2   0]
 [ 35  58  84  18   0   5]
 [  7  15   8  83   0   0]
 [  6   9   8   0  24   0]
 [  2   1   3   6   0   0]]
DEBUG:root:[('food', {'specials', 'tasty', 'bland', 'duck', 'tuna', 'food', 'portion', 'spicy', 'sushi', 'pizza'}), ('service', {'servers', 'cafe', 'helpful', 'tips', 'seat', 'working', 'manager', 'attentive', 'waitress', 'management'}), ('ambience', {'hang', 'atmosphere', 'patio', 'lounge', 'seating', 'casual', 'cozy', 'cramped', 'romantic', 'decor'}), ('drinks', {'beers', 'wines', 'sake', 'beer', 'beverage', 'margaritas'}), ('location', {'river', 'view', 'avenue', 'located', 'block', 'convenient'})]
DEBUG:root:0.8105590062111802
DEBUG:root:0.8258102332479512
DEBUG:root:0.8105590062111802
DEBUG:root:0.8147463262360111
DEBUG:root:[[439  36  21  32   3]
 [ 21 222  13   7   0]
 [  8  16  88   0   1]
 [  6   8   0  32   1]
 [  2   1   7   0   2]]
DEBUG:root:k pseudolabel
DEBUG:root:0.8188405797101449
DEBUG:root:0.8149608582750113
DEBUG:root:0.8188405797101449
DEBUG:root:0.8153804527662473
DEBUG:root:[[455  37  24  15   0]
 [ 21 225  15   2   0]
 [ 11  16  86   0   0]
 [ 13   9   0  25   0]
 [  2   1   9   0   0]]
DEBUG:root:threshold:0.16
DEBUG:root:0.7006861063464837
DEBUG:root:0.7052522568264316
DEBUG:root:0.7006861063464837
DEBUG:root:0.6989130961362056
DEBUG:root:[[420  27  48  16  19   1]
 [ 13 204  36   9   1   0]
 [ 37  54  75  29   2   3]
 [  3  14   8  88   0   0]
 [  4   9   5   0  29   0]
 [  1   1   1   8   0   1]]
DEBUG:root:kplus pseudolabel
DEBUG:root:0.7032590051457976
DEBUG:root:0.6984618477589627
DEBUG:root:0.7032590051457976
DEBUG:root:0.6969895410336396
DEBUG:root:[[425  31  44  17  14   0]
 [ 17 209  28   8   1   0]
 [ 41  57  76  22   0   4]
 [  8  16   4  85   0   0]
 [  9   9   4   0  25   0]
 [  2   1   2   7   0   0]]
DEBUG:root:iteration: 1
DEBUG:root:[('food', {'specials', 'tasty', 'bland', 'duck', 'tuna', 'food', 'portion', 'spicy', 'sushi', 'pizza'}), ('service', {'servers', 'cafe', 'helpful', 'tips', 'seat', 'working', 'manager', 'attentive', 'waitress', 'management'}), ('ambience', {'hang', 'atmosphere', 'patio', 'lounge', 'seating', 'casual', 'cozy', 'cramped', 'romantic', 'decor'}), ('drinks', {'beers', 'drinks', 'wines', 'strawberry', 'sake', 'beer', 'beverage', 'margaritas'}), ('location', {'river', 'view', 'avenue', 'located', 'block', 'convenient'})]
DEBUG:root:0.8043478260869565
DEBUG:root:0.8174997732461159
DEBUG:root:0.8043478260869565
DEBUG:root:0.8082093668630745
DEBUG:root:[[442  33  24  28   4]
 [ 27 214  13   8   1]
 [  8  16  88   1   0]
 [  7   9   0  31   0]
 [  1   1   8   0   2]]
DEBUG:root:k pseudolabel
DEBUG:root:0.8198757763975155
DEBUG:root:0.8158042912407457
DEBUG:root:0.8198757763975155
DEBUG:root:0.816379641976164
DEBUG:root:[[456  36  24  15   0]
 [ 21 225  15   2   0]
 [ 11  16  86   0   0]
 [ 13   9   0  25   0]
 [  2   1   9   0   0]]
DEBUG:root:threshold:0.17
DEBUG:root:0.6818181818181818
DEBUG:root:0.6872487797367329
DEBUG:root:0.6818181818181818
DEBUG:root:0.6783511223819275
DEBUG:root:[[409  36  51  18  17   0]
 [ 17 203  31  10   2   0]
 [ 37  62  66  30   3   2]
 [  4  14   7  88   0   0]
 [  3   9   7   0  28   0]
 [  1   1   0   9   0   1]]
DEBUG:root:kplus pseudolabel
DEBUG:root:0.6886792452830188
DEBUG:root:0.6844685068349305
DEBUG:root:0.6886792452830188
DEBUG:root:0.6837776324639455
DEBUG:root:[[423  29  50  16  13   0]
 [ 17 200  34  10   2   0]
 [ 46  53  71  25   0   5]
 [  8  14   6  85   0   0]
 [  7   9   7   0  24   0]
 [  2   1   1   8   0   0]]
DEBUG:root:iteration: 2
DEBUG:root:[('food', {'specials', 'tasty', 'bland', 'duck', 'tuna', 'food', 'portion', 'spicy', 'sushi', 'pizza'}), ('service', {'servers', 'cafe', 'helpful', 'tips', 'seat', 'working', 'manager', 'attentive', 'waitress', 'management'}), ('ambience', {'hang', 'atmosphere', 'patio', 'lounge', 'seating', 'casual', 'cozy', 'cramped', 'romantic', 'decor'}), ('drinks', {'beers', 'wines', 'strawberry', 'sake', 'beer', 'beverage', 'margaritas'}), ('location', {'river', 'view', 'avenue', 'located', 'block', 'convenient'})]
DEBUG:root:0.8064182194616977
DEBUG:root:0.819456851813346
DEBUG:root:0.8064182194616977
DEBUG:root:0.8107520630440025
DEBUG:root:[[443  38  19  23   8]
 [ 21 219  13   8   2]
 [  7  17  87   1   1]
 [  9   9   0  29   0]
 [  2   1   8   0   1]]
DEBUG:root:k pseudolabel
DEBUG:root:0.8188405797101449
DEBUG:root:0.8157019752414161
DEBUG:root:0.8188405797101449
DEBUG:root:0.8157847277306107
DEBUG:root:[[455  36  24  15   1]
 [ 21 225  15   2   0]
 [ 11  16  86   0   0]
 [ 13   9   0  25   0]
 [  2   1   9   0   0]]
DEBUG:root:threshold:0.18
DEBUG:root:0.7015437392795884
DEBUG:root:0.7053833370294154
DEBUG:root:0.7015437392795884
DEBUG:root:0.6999054261682721
DEBUG:root:[[427  26  46  15  15   2]
 [ 13 201  38   8   3   0]
 [ 35  57  72  30   2   4]
 [  3  12   9  89   0   0]
 [  5   9   6   0  27   0]
 [  1   1   0   8   0   2]]
DEBUG:root:kplus pseudolabel
DEBUG:root:0.6989708404802745
DEBUG:root:0.6982440946784216
DEBUG:root:0.6989708404802745
DEBUG:root:0.6955241623737362
DEBUG:root:[[425  30  47  17  12   0]
 [ 14 204  33  10   2   0]
 [ 38  59  77  20   1   5]
 [  8  15   6  84   0   0]
 [  6   9   7   0  25   0]
 [  2   1   3   6   0   0]]
DEBUG:root:iteration: 3
DEBUG:root:[('food', {'specials', 'tasty', 'bland', 'duck', 'tuna', 'food', 'portion', 'spicy', 'sushi', 'pizza'}), ('service', {'servers', 'cafe', 'helpful', 'tips', 'seat', 'working', 'manager', 'attentive', 'waitress', 'management'}), ('ambience', {'hang', 'atmosphere', 'patio', 'lounge', 'seating', 'casual', 'cozy', 'cramped', 'romantic', 'decor'}), ('drinks', {'beers', 'wines', 'strawberry', 'extensive', 'sake', 'beer', 'beverage', 'margaritas'}), ('location', {'river', 'view', 'avenue', 'located', 'block', 'convenient'})]
DEBUG:root:0.8126293995859213
DEBUG:root:0.8309404996822571
DEBUG:root:0.8126293995859213
DEBUG:root:0.817511896617373
DEBUG:root:[[437  38  21  31   4]
 [ 17 225  13   7   1]
 [  6  15  89   3   0]
 [  6   9   0  32   0]
 [  2   1   7   0   2]]
DEBUG:root:k pseudolabel
DEBUG:root:0.8188405797101449
DEBUG:root:0.8157019752414161
DEBUG:root:0.8188405797101449
DEBUG:root:0.8157847277306107
DEBUG:root:[[455  36  24  15   1]
 [ 21 225  15   2   0]
 [ 11  16  86   0   0]
 [ 13   9   0  25   0]
 [  2   1   9   0   0]]
DEBUG:root:threshold:0.18
DEBUG:root:0.6818181818181818
DEBUG:root:0.6970481991237625
DEBUG:root:0.6818181818181818
DEBUG:root:0.6836361788801791
DEBUG:root:[[399  27  66  17  22   0]
 [ 12 201  37  10   3   0]
 [ 30  57  76  32   2   3]
 [  3  13   8  89   0   0]
 [  2   9   6   0  30   0]
 [  1   1   0  10   0   0]]
DEBUG:root:kplus pseudolabel
DEBUG:root:0.6886792452830188
DEBUG:root:0.6844426001166414
DEBUG:root:0.6886792452830188
DEBUG:root:0.6825472700303391
DEBUG:root:[[418  29  54  16  14   0]
 [ 16 210  25  10   2   0]
 [ 42  62  65  24   1   6]
 [  8  13   7  85   0   0]
 [  7   9   6   0  25   0]
 [  2   1   2   7   0   0]]
